
*** Running vivado
    with args -log zynq_example_axi_interconnect_0_imp_xbar_0.vds -m64 -product Vivado -mode batch -messageDb vivado.pb -notrace -source zynq_example_axi_interconnect_0_imp_xbar_0.tcl



****** Vivado v2024.2 (64-bit)
  **** SW Build 5239630 on Fri Nov 08 22:35:27 MST 2024
  **** IP Build 5239520 on Sun Nov 10 16:12:51 MST 2024
  **** SharedData Build 5239561 on Fri Nov 08 14:39:27 MST 2024
  **** Start of session at: Tue Dec 31 23:31:53 2024
    ** Copyright 1986-2022 Xilinx, Inc. All Rights Reserved.
    ** Copyright 2022-2024 Advanced Micro Devices, Inc. All Rights Reserved.

source zynq_example_axi_interconnect_0_imp_xbar_0.tcl -notrace
INFO: [IP_Flow 19-6924] IPCACHE: Running cache check for IP inst: zynq_example_axi_interconnect_0_imp_xbar_0
Command: synth_design -top zynq_example_axi_interconnect_0_imp_xbar_0 -part xc7z020clg484-1 -incremental_mode off -mode out_of_context
Starting synth_design
Attempting to get a license for feature 'Synthesis' and/or device 'xc7z020'
INFO: [Common 17-349] Got license for feature 'Synthesis' and/or device 'xc7z020'
INFO: [Device 21-403] Loading part xc7z020clg484-1
INFO: [Synth 8-7079] Multithreading enabled for synth_design using a maximum of 2 processes.
INFO: [Synth 8-7078] Launching helper process for spawning children vivado processes
INFO: [Synth 8-7075] Helper process launched with PID 20212
---------------------------------------------------------------------------------
Starting RTL Elaboration : Time (s): cpu = 00:00:08 ; elapsed = 00:00:22 . Memory (MB): peak = 1091.688 ; gain = 468.902
---------------------------------------------------------------------------------
WARNING: [Synth 8-10507] attribute 'X_INTERFACE_MODE' is already specified; last one will take precedence [c:/Users/Asus/Desktop/TKLL_2024/MIPS_single_cycle/new_prj/new_prj.gen/sources_1/bd/zynq_example/ip/zynq_example_axi_interconnect_0_imp_xbar_0/synth/zynq_example_axi_interconnect_0_imp_xbar_0.v:229]
WARNING: [Synth 8-10507] attribute 'X_INTERFACE_PARAMETER' is already specified; last one will take precedence [c:/Users/Asus/Desktop/TKLL_2024/MIPS_single_cycle/new_prj/new_prj.gen/sources_1/bd/zynq_example/ip/zynq_example_axi_interconnect_0_imp_xbar_0/synth/zynq_example_axi_interconnect_0_imp_xbar_0.v:231]
INFO: [Synth 8-6157] synthesizing module 'zynq_example_axi_interconnect_0_imp_xbar_0' [c:/Users/Asus/Desktop/TKLL_2024/MIPS_single_cycle/new_prj/new_prj.gen/sources_1/bd/zynq_example/ip/zynq_example_axi_interconnect_0_imp_xbar_0/synth/zynq_example_axi_interconnect_0_imp_xbar_0.v:53]
INFO: [Synth 8-6157] synthesizing module 'axi_crossbar_v2_1_34_axi_crossbar' [c:/Users/Asus/Desktop/TKLL_2024/MIPS_single_cycle/new_prj/new_prj.gen/sources_1/bd/zynq_example/ipshared/a7e3/hdl/axi_crossbar_v2_1_vl_rfs.v:4871]
INFO: [Synth 8-6157] synthesizing module 'axi_crossbar_v2_1_34_crossbar' [c:/Users/Asus/Desktop/TKLL_2024/MIPS_single_cycle/new_prj/new_prj.gen/sources_1/bd/zynq_example/ipshared/a7e3/hdl/axi_crossbar_v2_1_vl_rfs.v:2232]
INFO: [Synth 8-6157] synthesizing module 'axi_crossbar_v2_1_34_si_transactor' [c:/Users/Asus/Desktop/TKLL_2024/MIPS_single_cycle/new_prj/new_prj.gen/sources_1/bd/zynq_example/ipshared/a7e3/hdl/axi_crossbar_v2_1_vl_rfs.v:3791]
INFO: [Synth 8-6157] synthesizing module 'axi_crossbar_v2_1_34_addr_decoder' [c:/Users/Asus/Desktop/TKLL_2024/MIPS_single_cycle/new_prj/new_prj.gen/sources_1/bd/zynq_example/ipshared/a7e3/hdl/axi_crossbar_v2_1_vl_rfs.v:790]
INFO: [Synth 8-6157] synthesizing module 'generic_baseblocks_v2_1_2_comparator_static' [c:/Users/Asus/Desktop/TKLL_2024/MIPS_single_cycle/new_prj/new_prj.gen/sources_1/bd/zynq_example/ipshared/0c28/hdl/generic_baseblocks_v2_1_vl_rfs.v:2119]
INFO: [Synth 8-6157] synthesizing module 'generic_baseblocks_v2_1_2_carry_and' [c:/Users/Asus/Desktop/TKLL_2024/MIPS_single_cycle/new_prj/new_prj.gen/sources_1/bd/zynq_example/ipshared/0c28/hdl/generic_baseblocks_v2_1_vl_rfs.v:60]
INFO: [Synth 8-6155] done synthesizing module 'generic_baseblocks_v2_1_2_carry_and' (0#1) [c:/Users/Asus/Desktop/TKLL_2024/MIPS_single_cycle/new_prj/new_prj.gen/sources_1/bd/zynq_example/ipshared/0c28/hdl/generic_baseblocks_v2_1_vl_rfs.v:60]
INFO: [Synth 8-6155] done synthesizing module 'generic_baseblocks_v2_1_2_comparator_static' (0#1) [c:/Users/Asus/Desktop/TKLL_2024/MIPS_single_cycle/new_prj/new_prj.gen/sources_1/bd/zynq_example/ipshared/0c28/hdl/generic_baseblocks_v2_1_vl_rfs.v:2119]
INFO: [Synth 8-6157] synthesizing module 'generic_baseblocks_v2_1_2_comparator_static__parameterized0' [c:/Users/Asus/Desktop/TKLL_2024/MIPS_single_cycle/new_prj/new_prj.gen/sources_1/bd/zynq_example/ipshared/0c28/hdl/generic_baseblocks_v2_1_vl_rfs.v:2119]
INFO: [Synth 8-6155] done synthesizing module 'generic_baseblocks_v2_1_2_comparator_static__parameterized0' (0#1) [c:/Users/Asus/Desktop/TKLL_2024/MIPS_single_cycle/new_prj/new_prj.gen/sources_1/bd/zynq_example/ipshared/0c28/hdl/generic_baseblocks_v2_1_vl_rfs.v:2119]
INFO: [Synth 8-6155] done synthesizing module 'axi_crossbar_v2_1_34_addr_decoder' (0#1) [c:/Users/Asus/Desktop/TKLL_2024/MIPS_single_cycle/new_prj/new_prj.gen/sources_1/bd/zynq_example/ipshared/a7e3/hdl/axi_crossbar_v2_1_vl_rfs.v:790]
INFO: [Synth 8-6157] synthesizing module 'axi_data_fifo_v2_1_32_axic_srl_fifo' [c:/Users/Asus/Desktop/TKLL_2024/MIPS_single_cycle/new_prj/new_prj.gen/sources_1/bd/zynq_example/ipshared/65ce/hdl/axi_data_fifo_v2_1_vl_rfs.v:694]
INFO: [Synth 8-6157] synthesizing module 'axi_data_fifo_v2_1_32_ndeep_srl' [c:/Users/Asus/Desktop/TKLL_2024/MIPS_single_cycle/new_prj/new_prj.gen/sources_1/bd/zynq_example/ipshared/65ce/hdl/axi_data_fifo_v2_1_vl_rfs.v:1129]
INFO: [Synth 8-6157] synthesizing module 'SRLC32E' [D:/Xilinx/Vivado/2024.2/scripts/rt/data/unisim_comp.v:149195]
INFO: [Synth 8-6155] done synthesizing module 'SRLC32E' (0#1) [D:/Xilinx/Vivado/2024.2/scripts/rt/data/unisim_comp.v:149195]
INFO: [Synth 8-6155] done synthesizing module 'axi_data_fifo_v2_1_32_ndeep_srl' (0#1) [c:/Users/Asus/Desktop/TKLL_2024/MIPS_single_cycle/new_prj/new_prj.gen/sources_1/bd/zynq_example/ipshared/65ce/hdl/axi_data_fifo_v2_1_vl_rfs.v:1129]
INFO: [Synth 8-6155] done synthesizing module 'axi_data_fifo_v2_1_32_axic_srl_fifo' (0#1) [c:/Users/Asus/Desktop/TKLL_2024/MIPS_single_cycle/new_prj/new_prj.gen/sources_1/bd/zynq_example/ipshared/65ce/hdl/axi_data_fifo_v2_1_vl_rfs.v:694]
INFO: [Synth 8-6157] synthesizing module 'axi_crossbar_v2_1_34_arbiter_resp' [c:/Users/Asus/Desktop/TKLL_2024/MIPS_single_cycle/new_prj/new_prj.gen/sources_1/bd/zynq_example/ipshared/a7e3/hdl/axi_crossbar_v2_1_vl_rfs.v:1020]
INFO: [Synth 8-6155] done synthesizing module 'axi_crossbar_v2_1_34_arbiter_resp' (0#1) [c:/Users/Asus/Desktop/TKLL_2024/MIPS_single_cycle/new_prj/new_prj.gen/sources_1/bd/zynq_example/ipshared/a7e3/hdl/axi_crossbar_v2_1_vl_rfs.v:1020]
INFO: [Synth 8-6157] synthesizing module 'generic_baseblocks_v2_1_2_mux_enc' [c:/Users/Asus/Desktop/TKLL_2024/MIPS_single_cycle/new_prj/new_prj.gen/sources_1/bd/zynq_example/ipshared/0c28/hdl/generic_baseblocks_v2_1_vl_rfs.v:2436]
INFO: [Synth 8-6155] done synthesizing module 'generic_baseblocks_v2_1_2_mux_enc' (0#1) [c:/Users/Asus/Desktop/TKLL_2024/MIPS_single_cycle/new_prj/new_prj.gen/sources_1/bd/zynq_example/ipshared/0c28/hdl/generic_baseblocks_v2_1_vl_rfs.v:2436]
INFO: [Synth 8-6155] done synthesizing module 'axi_crossbar_v2_1_34_si_transactor' (0#1) [c:/Users/Asus/Desktop/TKLL_2024/MIPS_single_cycle/new_prj/new_prj.gen/sources_1/bd/zynq_example/ipshared/a7e3/hdl/axi_crossbar_v2_1_vl_rfs.v:3791]
INFO: [Synth 8-6157] synthesizing module 'axi_crossbar_v2_1_34_si_transactor__parameterized0' [c:/Users/Asus/Desktop/TKLL_2024/MIPS_single_cycle/new_prj/new_prj.gen/sources_1/bd/zynq_example/ipshared/a7e3/hdl/axi_crossbar_v2_1_vl_rfs.v:3791]
INFO: [Synth 8-6157] synthesizing module 'generic_baseblocks_v2_1_2_mux_enc__parameterized0' [c:/Users/Asus/Desktop/TKLL_2024/MIPS_single_cycle/new_prj/new_prj.gen/sources_1/bd/zynq_example/ipshared/0c28/hdl/generic_baseblocks_v2_1_vl_rfs.v:2436]
INFO: [Synth 8-6155] done synthesizing module 'generic_baseblocks_v2_1_2_mux_enc__parameterized0' (0#1) [c:/Users/Asus/Desktop/TKLL_2024/MIPS_single_cycle/new_prj/new_prj.gen/sources_1/bd/zynq_example/ipshared/0c28/hdl/generic_baseblocks_v2_1_vl_rfs.v:2436]
INFO: [Synth 8-6155] done synthesizing module 'axi_crossbar_v2_1_34_si_transactor__parameterized0' (0#1) [c:/Users/Asus/Desktop/TKLL_2024/MIPS_single_cycle/new_prj/new_prj.gen/sources_1/bd/zynq_example/ipshared/a7e3/hdl/axi_crossbar_v2_1_vl_rfs.v:3791]
INFO: [Synth 8-6157] synthesizing module 'axi_crossbar_v2_1_34_splitter' [c:/Users/Asus/Desktop/TKLL_2024/MIPS_single_cycle/new_prj/new_prj.gen/sources_1/bd/zynq_example/ipshared/a7e3/hdl/axi_crossbar_v2_1_vl_rfs.v:4451]
INFO: [Synth 8-6155] done synthesizing module 'axi_crossbar_v2_1_34_splitter' (0#1) [c:/Users/Asus/Desktop/TKLL_2024/MIPS_single_cycle/new_prj/new_prj.gen/sources_1/bd/zynq_example/ipshared/a7e3/hdl/axi_crossbar_v2_1_vl_rfs.v:4451]
INFO: [Synth 8-6157] synthesizing module 'axi_crossbar_v2_1_34_wdata_router' [c:/Users/Asus/Desktop/TKLL_2024/MIPS_single_cycle/new_prj/new_prj.gen/sources_1/bd/zynq_example/ipshared/a7e3/hdl/axi_crossbar_v2_1_vl_rfs.v:4724]
INFO: [Synth 8-6157] synthesizing module 'axi_data_fifo_v2_1_32_axic_reg_srl_fifo' [c:/Users/Asus/Desktop/TKLL_2024/MIPS_single_cycle/new_prj/new_prj.gen/sources_1/bd/zynq_example/ipshared/65ce/hdl/axi_data_fifo_v2_1_vl_rfs.v:884]
INFO: [Synth 8-6157] synthesizing module 'axi_data_fifo_v2_1_32_ndeep_srl__parameterized0' [c:/Users/Asus/Desktop/TKLL_2024/MIPS_single_cycle/new_prj/new_prj.gen/sources_1/bd/zynq_example/ipshared/65ce/hdl/axi_data_fifo_v2_1_vl_rfs.v:1129]
INFO: [Synth 8-6155] done synthesizing module 'axi_data_fifo_v2_1_32_ndeep_srl__parameterized0' (0#1) [c:/Users/Asus/Desktop/TKLL_2024/MIPS_single_cycle/new_prj/new_prj.gen/sources_1/bd/zynq_example/ipshared/65ce/hdl/axi_data_fifo_v2_1_vl_rfs.v:1129]
INFO: [Synth 8-155] case statement is not full and has no default [c:/Users/Asus/Desktop/TKLL_2024/MIPS_single_cycle/new_prj/new_prj.gen/sources_1/bd/zynq_example/ipshared/65ce/hdl/axi_data_fifo_v2_1_vl_rfs.v:982]
INFO: [Synth 8-6155] done synthesizing module 'axi_data_fifo_v2_1_32_axic_reg_srl_fifo' (0#1) [c:/Users/Asus/Desktop/TKLL_2024/MIPS_single_cycle/new_prj/new_prj.gen/sources_1/bd/zynq_example/ipshared/65ce/hdl/axi_data_fifo_v2_1_vl_rfs.v:884]
INFO: [Synth 8-6155] done synthesizing module 'axi_crossbar_v2_1_34_wdata_router' (0#1) [c:/Users/Asus/Desktop/TKLL_2024/MIPS_single_cycle/new_prj/new_prj.gen/sources_1/bd/zynq_example/ipshared/a7e3/hdl/axi_crossbar_v2_1_vl_rfs.v:4724]
INFO: [Synth 8-6157] synthesizing module 'axi_data_fifo_v2_1_32_axic_srl_fifo__parameterized0' [c:/Users/Asus/Desktop/TKLL_2024/MIPS_single_cycle/new_prj/new_prj.gen/sources_1/bd/zynq_example/ipshared/65ce/hdl/axi_data_fifo_v2_1_vl_rfs.v:694]
INFO: [Synth 8-6155] done synthesizing module 'axi_data_fifo_v2_1_32_axic_srl_fifo__parameterized0' (0#1) [c:/Users/Asus/Desktop/TKLL_2024/MIPS_single_cycle/new_prj/new_prj.gen/sources_1/bd/zynq_example/ipshared/65ce/hdl/axi_data_fifo_v2_1_vl_rfs.v:694]
INFO: [Synth 8-6157] synthesizing module 'axi_crossbar_v2_1_34_wdata_mux' [c:/Users/Asus/Desktop/TKLL_2024/MIPS_single_cycle/new_prj/new_prj.gen/sources_1/bd/zynq_example/ipshared/a7e3/hdl/axi_crossbar_v2_1_vl_rfs.v:4550]
INFO: [Synth 8-6155] done synthesizing module 'axi_crossbar_v2_1_34_wdata_mux' (0#1) [c:/Users/Asus/Desktop/TKLL_2024/MIPS_single_cycle/new_prj/new_prj.gen/sources_1/bd/zynq_example/ipshared/a7e3/hdl/axi_crossbar_v2_1_vl_rfs.v:4550]
INFO: [Synth 8-6157] synthesizing module 'axi_register_slice_v2_1_33_axi_register_slice' [c:/Users/Asus/Desktop/TKLL_2024/MIPS_single_cycle/new_prj/new_prj.gen/sources_1/bd/zynq_example/ipshared/3ee4/hdl/axi_register_slice_v2_1_vl_rfs.v:3721]
INFO: [Synth 8-6157] synthesizing module 'axi_infrastructure_v1_1_0_axi2vector' [c:/Users/Asus/Desktop/TKLL_2024/MIPS_single_cycle/new_prj/new_prj.gen/sources_1/bd/zynq_example/ipshared/ec67/hdl/axi_infrastructure_v1_1_vl_rfs.v:59]
INFO: [Synth 8-6155] done synthesizing module 'axi_infrastructure_v1_1_0_axi2vector' (0#1) [c:/Users/Asus/Desktop/TKLL_2024/MIPS_single_cycle/new_prj/new_prj.gen/sources_1/bd/zynq_example/ipshared/ec67/hdl/axi_infrastructure_v1_1_vl_rfs.v:59]
INFO: [Synth 8-6157] synthesizing module 'axi_infrastructure_v1_1_0_vector2axi' [c:/Users/Asus/Desktop/TKLL_2024/MIPS_single_cycle/new_prj/new_prj.gen/sources_1/bd/zynq_example/ipshared/ec67/hdl/axi_infrastructure_v1_1_vl_rfs.v:473]
INFO: [Synth 8-6155] done synthesizing module 'axi_infrastructure_v1_1_0_vector2axi' (0#1) [c:/Users/Asus/Desktop/TKLL_2024/MIPS_single_cycle/new_prj/new_prj.gen/sources_1/bd/zynq_example/ipshared/ec67/hdl/axi_infrastructure_v1_1_vl_rfs.v:473]
INFO: [Synth 8-6157] synthesizing module 'axi_register_slice_v2_1_33_axic_register_slice' [c:/Users/Asus/Desktop/TKLL_2024/MIPS_single_cycle/new_prj/new_prj.gen/sources_1/bd/zynq_example/ipshared/3ee4/hdl/axi_register_slice_v2_1_vl_rfs.v:1492]
INFO: [Synth 8-6155] done synthesizing module 'axi_register_slice_v2_1_33_axic_register_slice' (0#1) [c:/Users/Asus/Desktop/TKLL_2024/MIPS_single_cycle/new_prj/new_prj.gen/sources_1/bd/zynq_example/ipshared/3ee4/hdl/axi_register_slice_v2_1_vl_rfs.v:1492]
INFO: [Synth 8-6157] synthesizing module 'axi_register_slice_v2_1_33_axic_register_slice__parameterized0' [c:/Users/Asus/Desktop/TKLL_2024/MIPS_single_cycle/new_prj/new_prj.gen/sources_1/bd/zynq_example/ipshared/3ee4/hdl/axi_register_slice_v2_1_vl_rfs.v:1492]
INFO: [Synth 8-6155] done synthesizing module 'axi_register_slice_v2_1_33_axic_register_slice__parameterized0' (0#1) [c:/Users/Asus/Desktop/TKLL_2024/MIPS_single_cycle/new_prj/new_prj.gen/sources_1/bd/zynq_example/ipshared/3ee4/hdl/axi_register_slice_v2_1_vl_rfs.v:1492]
INFO: [Synth 8-6157] synthesizing module 'axi_register_slice_v2_1_33_axic_register_slice__parameterized1' [c:/Users/Asus/Desktop/TKLL_2024/MIPS_single_cycle/new_prj/new_prj.gen/sources_1/bd/zynq_example/ipshared/3ee4/hdl/axi_register_slice_v2_1_vl_rfs.v:1492]
INFO: [Synth 8-6155] done synthesizing module 'axi_register_slice_v2_1_33_axic_register_slice__parameterized1' (0#1) [c:/Users/Asus/Desktop/TKLL_2024/MIPS_single_cycle/new_prj/new_prj.gen/sources_1/bd/zynq_example/ipshared/3ee4/hdl/axi_register_slice_v2_1_vl_rfs.v:1492]
INFO: [Synth 8-6157] synthesizing module 'axi_register_slice_v2_1_33_axic_register_slice__parameterized2' [c:/Users/Asus/Desktop/TKLL_2024/MIPS_single_cycle/new_prj/new_prj.gen/sources_1/bd/zynq_example/ipshared/3ee4/hdl/axi_register_slice_v2_1_vl_rfs.v:1492]
INFO: [Synth 8-6155] done synthesizing module 'axi_register_slice_v2_1_33_axic_register_slice__parameterized2' (0#1) [c:/Users/Asus/Desktop/TKLL_2024/MIPS_single_cycle/new_prj/new_prj.gen/sources_1/bd/zynq_example/ipshared/3ee4/hdl/axi_register_slice_v2_1_vl_rfs.v:1492]
INFO: [Synth 8-6155] done synthesizing module 'axi_register_slice_v2_1_33_axi_register_slice' (0#1) [c:/Users/Asus/Desktop/TKLL_2024/MIPS_single_cycle/new_prj/new_prj.gen/sources_1/bd/zynq_example/ipshared/3ee4/hdl/axi_register_slice_v2_1_vl_rfs.v:3721]
WARNING: [Synth 8-7071] port 'aclk2x' of module 'axi_register_slice_v2_1_33_axi_register_slice' is unconnected for instance 'reg_slice_mi' [c:/Users/Asus/Desktop/TKLL_2024/MIPS_single_cycle/new_prj/new_prj.gen/sources_1/bd/zynq_example/ipshared/a7e3/hdl/axi_crossbar_v2_1_vl_rfs.v:3116]
WARNING: [Synth 8-7023] instance 'reg_slice_mi' of module 'axi_register_slice_v2_1_33_axi_register_slice' has 93 connections declared, but only 92 given [c:/Users/Asus/Desktop/TKLL_2024/MIPS_single_cycle/new_prj/new_prj.gen/sources_1/bd/zynq_example/ipshared/a7e3/hdl/axi_crossbar_v2_1_vl_rfs.v:3116]
WARNING: [Synth 8-7071] port 'aclk2x' of module 'axi_register_slice_v2_1_33_axi_register_slice' is unconnected for instance 'reg_slice_mi' [c:/Users/Asus/Desktop/TKLL_2024/MIPS_single_cycle/new_prj/new_prj.gen/sources_1/bd/zynq_example/ipshared/a7e3/hdl/axi_crossbar_v2_1_vl_rfs.v:3116]
WARNING: [Synth 8-7023] instance 'reg_slice_mi' of module 'axi_register_slice_v2_1_33_axi_register_slice' has 93 connections declared, but only 92 given [c:/Users/Asus/Desktop/TKLL_2024/MIPS_single_cycle/new_prj/new_prj.gen/sources_1/bd/zynq_example/ipshared/a7e3/hdl/axi_crossbar_v2_1_vl_rfs.v:3116]
INFO: [Synth 8-6157] synthesizing module 'axi_data_fifo_v2_1_32_axic_srl_fifo__parameterized1' [c:/Users/Asus/Desktop/TKLL_2024/MIPS_single_cycle/new_prj/new_prj.gen/sources_1/bd/zynq_example/ipshared/65ce/hdl/axi_data_fifo_v2_1_vl_rfs.v:694]
INFO: [Synth 8-6157] synthesizing module 'axi_data_fifo_v2_1_32_ndeep_srl__parameterized1' [c:/Users/Asus/Desktop/TKLL_2024/MIPS_single_cycle/new_prj/new_prj.gen/sources_1/bd/zynq_example/ipshared/65ce/hdl/axi_data_fifo_v2_1_vl_rfs.v:1129]
INFO: [Synth 8-6155] done synthesizing module 'axi_data_fifo_v2_1_32_ndeep_srl__parameterized1' (0#1) [c:/Users/Asus/Desktop/TKLL_2024/MIPS_single_cycle/new_prj/new_prj.gen/sources_1/bd/zynq_example/ipshared/65ce/hdl/axi_data_fifo_v2_1_vl_rfs.v:1129]
INFO: [Synth 8-6155] done synthesizing module 'axi_data_fifo_v2_1_32_axic_srl_fifo__parameterized1' (0#1) [c:/Users/Asus/Desktop/TKLL_2024/MIPS_single_cycle/new_prj/new_prj.gen/sources_1/bd/zynq_example/ipshared/65ce/hdl/axi_data_fifo_v2_1_vl_rfs.v:694]
INFO: [Synth 8-6157] synthesizing module 'axi_crossbar_v2_1_34_wdata_mux__parameterized0' [c:/Users/Asus/Desktop/TKLL_2024/MIPS_single_cycle/new_prj/new_prj.gen/sources_1/bd/zynq_example/ipshared/a7e3/hdl/axi_crossbar_v2_1_vl_rfs.v:4550]
INFO: [Synth 8-6155] done synthesizing module 'axi_crossbar_v2_1_34_wdata_mux__parameterized0' (0#1) [c:/Users/Asus/Desktop/TKLL_2024/MIPS_single_cycle/new_prj/new_prj.gen/sources_1/bd/zynq_example/ipshared/a7e3/hdl/axi_crossbar_v2_1_vl_rfs.v:4550]
WARNING: [Synth 8-7071] port 'aclk2x' of module 'axi_register_slice_v2_1_33_axi_register_slice' is unconnected for instance 'reg_slice_mi' [c:/Users/Asus/Desktop/TKLL_2024/MIPS_single_cycle/new_prj/new_prj.gen/sources_1/bd/zynq_example/ipshared/a7e3/hdl/axi_crossbar_v2_1_vl_rfs.v:3116]
WARNING: [Synth 8-7023] instance 'reg_slice_mi' of module 'axi_register_slice_v2_1_33_axi_register_slice' has 93 connections declared, but only 92 given [c:/Users/Asus/Desktop/TKLL_2024/MIPS_single_cycle/new_prj/new_prj.gen/sources_1/bd/zynq_example/ipshared/a7e3/hdl/axi_crossbar_v2_1_vl_rfs.v:3116]
INFO: [Synth 8-6157] synthesizing module 'axi_crossbar_v2_1_34_decerr_slave' [c:/Users/Asus/Desktop/TKLL_2024/MIPS_single_cycle/new_prj/new_prj.gen/sources_1/bd/zynq_example/ipshared/a7e3/hdl/axi_crossbar_v2_1_vl_rfs.v:3493]
INFO: [Synth 8-155] case statement is not full and has no default [c:/Users/Asus/Desktop/TKLL_2024/MIPS_single_cycle/new_prj/new_prj.gen/sources_1/bd/zynq_example/ipshared/a7e3/hdl/axi_crossbar_v2_1_vl_rfs.v:3626]
INFO: [Synth 8-6155] done synthesizing module 'axi_crossbar_v2_1_34_decerr_slave' (0#1) [c:/Users/Asus/Desktop/TKLL_2024/MIPS_single_cycle/new_prj/new_prj.gen/sources_1/bd/zynq_example/ipshared/a7e3/hdl/axi_crossbar_v2_1_vl_rfs.v:3493]
INFO: [Synth 8-6157] synthesizing module 'axi_crossbar_v2_1_34_addr_arbiter' [c:/Users/Asus/Desktop/TKLL_2024/MIPS_single_cycle/new_prj/new_prj.gen/sources_1/bd/zynq_example/ipshared/a7e3/hdl/axi_crossbar_v2_1_vl_rfs.v:420]
INFO: [Synth 8-6155] done synthesizing module 'axi_crossbar_v2_1_34_addr_arbiter' (0#1) [c:/Users/Asus/Desktop/TKLL_2024/MIPS_single_cycle/new_prj/new_prj.gen/sources_1/bd/zynq_example/ipshared/a7e3/hdl/axi_crossbar_v2_1_vl_rfs.v:420]
INFO: [Synth 8-6155] done synthesizing module 'axi_crossbar_v2_1_34_crossbar' (0#1) [c:/Users/Asus/Desktop/TKLL_2024/MIPS_single_cycle/new_prj/new_prj.gen/sources_1/bd/zynq_example/ipshared/a7e3/hdl/axi_crossbar_v2_1_vl_rfs.v:2232]
INFO: [Synth 8-6155] done synthesizing module 'axi_crossbar_v2_1_34_axi_crossbar' (0#1) [c:/Users/Asus/Desktop/TKLL_2024/MIPS_single_cycle/new_prj/new_prj.gen/sources_1/bd/zynq_example/ipshared/a7e3/hdl/axi_crossbar_v2_1_vl_rfs.v:4871]
INFO: [Synth 8-6155] done synthesizing module 'zynq_example_axi_interconnect_0_imp_xbar_0' (0#1) [c:/Users/Asus/Desktop/TKLL_2024/MIPS_single_cycle/new_prj/new_prj.gen/sources_1/bd/zynq_example/ip/zynq_example_axi_interconnect_0_imp_xbar_0/synth/zynq_example_axi_interconnect_0_imp_xbar_0.v:53]
WARNING: [Synth 8-6014] Unused sequential element areset_d1_reg was removed.  [c:/Users/Asus/Desktop/TKLL_2024/MIPS_single_cycle/new_prj/new_prj.gen/sources_1/bd/zynq_example/ipshared/65ce/hdl/axi_data_fifo_v2_1_vl_rfs.v:747]
WARNING: [Synth 8-6014] Unused sequential element S_READY_i_reg was removed.  [c:/Users/Asus/Desktop/TKLL_2024/MIPS_single_cycle/new_prj/new_prj.gen/sources_1/bd/zynq_example/ipshared/65ce/hdl/axi_data_fifo_v2_1_vl_rfs.v:786]
WARNING: [Synth 8-6014] Unused sequential element gen_multi_thread.gen_thread_loop[0].gen_debug_r_multi_thread.debug_r_beat_cnt_i_reg was removed.  [c:/Users/Asus/Desktop/TKLL_2024/MIPS_single_cycle/new_prj/new_prj.gen/sources_1/bd/zynq_example/ipshared/a7e3/hdl/axi_crossbar_v2_1_vl_rfs.v:4338]
WARNING: [Synth 8-6014] Unused sequential element gen_multi_thread.gen_thread_loop[1].gen_debug_r_multi_thread.debug_r_beat_cnt_i_reg was removed.  [c:/Users/Asus/Desktop/TKLL_2024/MIPS_single_cycle/new_prj/new_prj.gen/sources_1/bd/zynq_example/ipshared/a7e3/hdl/axi_crossbar_v2_1_vl_rfs.v:4338]
WARNING: [Synth 8-6014] Unused sequential element gen_multi_thread.gen_thread_loop[2].gen_debug_r_multi_thread.debug_r_beat_cnt_i_reg was removed.  [c:/Users/Asus/Desktop/TKLL_2024/MIPS_single_cycle/new_prj/new_prj.gen/sources_1/bd/zynq_example/ipshared/a7e3/hdl/axi_crossbar_v2_1_vl_rfs.v:4338]
WARNING: [Synth 8-6014] Unused sequential element gen_multi_thread.gen_thread_loop[3].gen_debug_r_multi_thread.debug_r_beat_cnt_i_reg was removed.  [c:/Users/Asus/Desktop/TKLL_2024/MIPS_single_cycle/new_prj/new_prj.gen/sources_1/bd/zynq_example/ipshared/a7e3/hdl/axi_crossbar_v2_1_vl_rfs.v:4338]
WARNING: [Synth 8-6014] Unused sequential element gen_multi_thread.gen_thread_loop[4].gen_debug_r_multi_thread.debug_r_beat_cnt_i_reg was removed.  [c:/Users/Asus/Desktop/TKLL_2024/MIPS_single_cycle/new_prj/new_prj.gen/sources_1/bd/zynq_example/ipshared/a7e3/hdl/axi_crossbar_v2_1_vl_rfs.v:4338]
WARNING: [Synth 8-6014] Unused sequential element gen_multi_thread.gen_thread_loop[5].gen_debug_r_multi_thread.debug_r_beat_cnt_i_reg was removed.  [c:/Users/Asus/Desktop/TKLL_2024/MIPS_single_cycle/new_prj/new_prj.gen/sources_1/bd/zynq_example/ipshared/a7e3/hdl/axi_crossbar_v2_1_vl_rfs.v:4338]
WARNING: [Synth 8-6014] Unused sequential element gen_multi_thread.gen_thread_loop[6].gen_debug_r_multi_thread.debug_r_beat_cnt_i_reg was removed.  [c:/Users/Asus/Desktop/TKLL_2024/MIPS_single_cycle/new_prj/new_prj.gen/sources_1/bd/zynq_example/ipshared/a7e3/hdl/axi_crossbar_v2_1_vl_rfs.v:4338]
WARNING: [Synth 8-6014] Unused sequential element gen_multi_thread.gen_thread_loop[7].gen_debug_r_multi_thread.debug_r_beat_cnt_i_reg was removed.  [c:/Users/Asus/Desktop/TKLL_2024/MIPS_single_cycle/new_prj/new_prj.gen/sources_1/bd/zynq_example/ipshared/a7e3/hdl/axi_crossbar_v2_1_vl_rfs.v:4338]
WARNING: [Synth 8-6014] Unused sequential element gen_multi_thread.gen_thread_loop[0].gen_debug_r_multi_thread.debug_r_beat_cnt_i_reg was removed.  [c:/Users/Asus/Desktop/TKLL_2024/MIPS_single_cycle/new_prj/new_prj.gen/sources_1/bd/zynq_example/ipshared/a7e3/hdl/axi_crossbar_v2_1_vl_rfs.v:4338]
WARNING: [Synth 8-6014] Unused sequential element gen_multi_thread.gen_thread_loop[1].gen_debug_r_multi_thread.debug_r_beat_cnt_i_reg was removed.  [c:/Users/Asus/Desktop/TKLL_2024/MIPS_single_cycle/new_prj/new_prj.gen/sources_1/bd/zynq_example/ipshared/a7e3/hdl/axi_crossbar_v2_1_vl_rfs.v:4338]
WARNING: [Synth 8-6014] Unused sequential element gen_multi_thread.gen_thread_loop[2].gen_debug_r_multi_thread.debug_r_beat_cnt_i_reg was removed.  [c:/Users/Asus/Desktop/TKLL_2024/MIPS_single_cycle/new_prj/new_prj.gen/sources_1/bd/zynq_example/ipshared/a7e3/hdl/axi_crossbar_v2_1_vl_rfs.v:4338]
WARNING: [Synth 8-6014] Unused sequential element gen_multi_thread.gen_thread_loop[3].gen_debug_r_multi_thread.debug_r_beat_cnt_i_reg was removed.  [c:/Users/Asus/Desktop/TKLL_2024/MIPS_single_cycle/new_prj/new_prj.gen/sources_1/bd/zynq_example/ipshared/a7e3/hdl/axi_crossbar_v2_1_vl_rfs.v:4338]
WARNING: [Synth 8-6014] Unused sequential element gen_multi_thread.gen_thread_loop[4].gen_debug_r_multi_thread.debug_r_beat_cnt_i_reg was removed.  [c:/Users/Asus/Desktop/TKLL_2024/MIPS_single_cycle/new_prj/new_prj.gen/sources_1/bd/zynq_example/ipshared/a7e3/hdl/axi_crossbar_v2_1_vl_rfs.v:4338]
WARNING: [Synth 8-6014] Unused sequential element gen_multi_thread.gen_thread_loop[5].gen_debug_r_multi_thread.debug_r_beat_cnt_i_reg was removed.  [c:/Users/Asus/Desktop/TKLL_2024/MIPS_single_cycle/new_prj/new_prj.gen/sources_1/bd/zynq_example/ipshared/a7e3/hdl/axi_crossbar_v2_1_vl_rfs.v:4338]
WARNING: [Synth 8-6014] Unused sequential element gen_multi_thread.gen_thread_loop[6].gen_debug_r_multi_thread.debug_r_beat_cnt_i_reg was removed.  [c:/Users/Asus/Desktop/TKLL_2024/MIPS_single_cycle/new_prj/new_prj.gen/sources_1/bd/zynq_example/ipshared/a7e3/hdl/axi_crossbar_v2_1_vl_rfs.v:4338]
WARNING: [Synth 8-6014] Unused sequential element gen_multi_thread.gen_thread_loop[7].gen_debug_r_multi_thread.debug_r_beat_cnt_i_reg was removed.  [c:/Users/Asus/Desktop/TKLL_2024/MIPS_single_cycle/new_prj/new_prj.gen/sources_1/bd/zynq_example/ipshared/a7e3/hdl/axi_crossbar_v2_1_vl_rfs.v:4338]
WARNING: [Synth 8-6014] Unused sequential element areset_d1_reg was removed.  [c:/Users/Asus/Desktop/TKLL_2024/MIPS_single_cycle/new_prj/new_prj.gen/sources_1/bd/zynq_example/ipshared/65ce/hdl/axi_data_fifo_v2_1_vl_rfs.v:747]
WARNING: [Synth 8-6014] Unused sequential element S_READY_i_reg was removed.  [c:/Users/Asus/Desktop/TKLL_2024/MIPS_single_cycle/new_prj/new_prj.gen/sources_1/bd/zynq_example/ipshared/65ce/hdl/axi_data_fifo_v2_1_vl_rfs.v:786]
WARNING: [Synth 8-6014] Unused sequential element areset_d1_reg was removed.  [c:/Users/Asus/Desktop/TKLL_2024/MIPS_single_cycle/new_prj/new_prj.gen/sources_1/bd/zynq_example/ipshared/65ce/hdl/axi_data_fifo_v2_1_vl_rfs.v:747]
WARNING: [Synth 8-6014] Unused sequential element S_READY_i_reg was removed.  [c:/Users/Asus/Desktop/TKLL_2024/MIPS_single_cycle/new_prj/new_prj.gen/sources_1/bd/zynq_example/ipshared/65ce/hdl/axi_data_fifo_v2_1_vl_rfs.v:786]
WARNING: [Synth 8-6014] Unused sequential element gen_master_slots[0].gen_mi_write.gen_debug_w.debug_w_beat_cnt_i_reg was removed.  [c:/Users/Asus/Desktop/TKLL_2024/MIPS_single_cycle/new_prj/new_prj.gen/sources_1/bd/zynq_example/ipshared/a7e3/hdl/axi_crossbar_v2_1_vl_rfs.v:2991]
WARNING: [Synth 8-6014] Unused sequential element gen_master_slots[1].gen_mi_write.gen_debug_w.debug_w_beat_cnt_i_reg was removed.  [c:/Users/Asus/Desktop/TKLL_2024/MIPS_single_cycle/new_prj/new_prj.gen/sources_1/bd/zynq_example/ipshared/a7e3/hdl/axi_crossbar_v2_1_vl_rfs.v:2991]
WARNING: [Synth 8-6014] Unused sequential element gen_master_slots[2].gen_mi_write.gen_debug_w.debug_w_beat_cnt_i_reg was removed.  [c:/Users/Asus/Desktop/TKLL_2024/MIPS_single_cycle/new_prj/new_prj.gen/sources_1/bd/zynq_example/ipshared/a7e3/hdl/axi_crossbar_v2_1_vl_rfs.v:2991]
WARNING: [Synth 8-7129] Port ACLK in module axi_register_slice_v2_1_33_axic_register_slice is either unconnected or has no load
WARNING: [Synth 8-7129] Port ARESET in module axi_register_slice_v2_1_33_axic_register_slice is either unconnected or has no load
WARNING: [Synth 8-7129] Port ACLK in module axi_register_slice_v2_1_33_axic_register_slice__parameterized0 is either unconnected or has no load
WARNING: [Synth 8-7129] Port ARESET in module axi_register_slice_v2_1_33_axic_register_slice__parameterized0 is either unconnected or has no load
WARNING: [Synth 8-7129] Port m_axi_buser[0] in module axi_infrastructure_v1_1_0_vector2axi is either unconnected or has no load
WARNING: [Synth 8-7129] Port m_axi_ruser[0] in module axi_infrastructure_v1_1_0_vector2axi is either unconnected or has no load
WARNING: [Synth 8-7129] Port s_axi_awuser[0] in module axi_infrastructure_v1_1_0_axi2vector is either unconnected or has no load
WARNING: [Synth 8-7129] Port s_axi_wid[11] in module axi_infrastructure_v1_1_0_axi2vector is either unconnected or has no load
WARNING: [Synth 8-7129] Port s_axi_wid[10] in module axi_infrastructure_v1_1_0_axi2vector is either unconnected or has no load
WARNING: [Synth 8-7129] Port s_axi_wid[9] in module axi_infrastructure_v1_1_0_axi2vector is either unconnected or has no load
WARNING: [Synth 8-7129] Port s_axi_wid[8] in module axi_infrastructure_v1_1_0_axi2vector is either unconnected or has no load
WARNING: [Synth 8-7129] Port s_axi_wid[7] in module axi_infrastructure_v1_1_0_axi2vector is either unconnected or has no load
WARNING: [Synth 8-7129] Port s_axi_wid[6] in module axi_infrastructure_v1_1_0_axi2vector is either unconnected or has no load
WARNING: [Synth 8-7129] Port s_axi_wid[5] in module axi_infrastructure_v1_1_0_axi2vector is either unconnected or has no load
WARNING: [Synth 8-7129] Port s_axi_wid[4] in module axi_infrastructure_v1_1_0_axi2vector is either unconnected or has no load
WARNING: [Synth 8-7129] Port s_axi_wid[3] in module axi_infrastructure_v1_1_0_axi2vector is either unconnected or has no load
WARNING: [Synth 8-7129] Port s_axi_wid[2] in module axi_infrastructure_v1_1_0_axi2vector is either unconnected or has no load
WARNING: [Synth 8-7129] Port s_axi_wid[1] in module axi_infrastructure_v1_1_0_axi2vector is either unconnected or has no load
WARNING: [Synth 8-7129] Port s_axi_wid[0] in module axi_infrastructure_v1_1_0_axi2vector is either unconnected or has no load
WARNING: [Synth 8-7129] Port s_axi_wuser[0] in module axi_infrastructure_v1_1_0_axi2vector is either unconnected or has no load
WARNING: [Synth 8-7129] Port s_axi_aruser[0] in module axi_infrastructure_v1_1_0_axi2vector is either unconnected or has no load
WARNING: [Synth 8-7129] Port aclk2x in module axi_register_slice_v2_1_33_axi_register_slice is either unconnected or has no load
WARNING: [Synth 8-7129] Port ACLK in module axi_crossbar_v2_1_34_wdata_mux is either unconnected or has no load
WARNING: [Synth 8-7129] Port ARESET in module axi_crossbar_v2_1_34_wdata_mux is either unconnected or has no load
WARNING: [Synth 8-7129] Port S_ASELECT[0] in module axi_crossbar_v2_1_34_wdata_mux is either unconnected or has no load
WARNING: [Synth 8-7129] Port S_AVALID in module axi_crossbar_v2_1_34_wdata_mux is either unconnected or has no load
WARNING: [Synth 8-7129] Port ADDR[1] in module axi_crossbar_v2_1_34_addr_decoder is either unconnected or has no load
WARNING: [Synth 8-7129] Port ADDR[0] in module axi_crossbar_v2_1_34_addr_decoder is either unconnected or has no load
WARNING: [Synth 8-7129] Port S_ABURST[1] in module axi_crossbar_v2_1_34_si_transactor__parameterized0 is either unconnected or has no load
WARNING: [Synth 8-7129] Port S_ABURST[0] in module axi_crossbar_v2_1_34_si_transactor__parameterized0 is either unconnected or has no load
WARNING: [Synth 8-7129] Port S_ABURST[1] in module axi_crossbar_v2_1_34_si_transactor is either unconnected or has no load
WARNING: [Synth 8-7129] Port S_ABURST[0] in module axi_crossbar_v2_1_34_si_transactor is either unconnected or has no load
WARNING: [Synth 8-7129] Port S_AXI_WID[11] in module axi_crossbar_v2_1_34_crossbar is either unconnected or has no load
WARNING: [Synth 8-7129] Port S_AXI_WID[10] in module axi_crossbar_v2_1_34_crossbar is either unconnected or has no load
WARNING: [Synth 8-7129] Port S_AXI_WID[9] in module axi_crossbar_v2_1_34_crossbar is either unconnected or has no load
WARNING: [Synth 8-7129] Port S_AXI_WID[8] in module axi_crossbar_v2_1_34_crossbar is either unconnected or has no load
WARNING: [Synth 8-7129] Port S_AXI_WID[7] in module axi_crossbar_v2_1_34_crossbar is either unconnected or has no load
WARNING: [Synth 8-7129] Port S_AXI_WID[6] in module axi_crossbar_v2_1_34_crossbar is either unconnected or has no load
WARNING: [Synth 8-7129] Port S_AXI_WID[5] in module axi_crossbar_v2_1_34_crossbar is either unconnected or has no load
WARNING: [Synth 8-7129] Port S_AXI_WID[4] in module axi_crossbar_v2_1_34_crossbar is either unconnected or has no load
WARNING: [Synth 8-7129] Port S_AXI_WID[3] in module axi_crossbar_v2_1_34_crossbar is either unconnected or has no load
WARNING: [Synth 8-7129] Port S_AXI_WID[2] in module axi_crossbar_v2_1_34_crossbar is either unconnected or has no load
WARNING: [Synth 8-7129] Port S_AXI_WID[1] in module axi_crossbar_v2_1_34_crossbar is either unconnected or has no load
WARNING: [Synth 8-7129] Port S_AXI_WID[0] in module axi_crossbar_v2_1_34_crossbar is either unconnected or has no load
WARNING: [Synth 8-7129] Port s_axi_awuser[0] in module axi_crossbar_v2_1_34_axi_crossbar is either unconnected or has no load
WARNING: [Synth 8-7129] Port s_axi_wid[11] in module axi_crossbar_v2_1_34_axi_crossbar is either unconnected or has no load
WARNING: [Synth 8-7129] Port s_axi_wid[10] in module axi_crossbar_v2_1_34_axi_crossbar is either unconnected or has no load
WARNING: [Synth 8-7129] Port s_axi_wid[9] in module axi_crossbar_v2_1_34_axi_crossbar is either unconnected or has no load
WARNING: [Synth 8-7129] Port s_axi_wid[8] in module axi_crossbar_v2_1_34_axi_crossbar is either unconnected or has no load
WARNING: [Synth 8-7129] Port s_axi_wid[7] in module axi_crossbar_v2_1_34_axi_crossbar is either unconnected or has no load
WARNING: [Synth 8-7129] Port s_axi_wid[6] in module axi_crossbar_v2_1_34_axi_crossbar is either unconnected or has no load
WARNING: [Synth 8-7129] Port s_axi_wid[5] in module axi_crossbar_v2_1_34_axi_crossbar is either unconnected or has no load
WARNING: [Synth 8-7129] Port s_axi_wid[4] in module axi_crossbar_v2_1_34_axi_crossbar is either unconnected or has no load
WARNING: [Synth 8-7129] Port s_axi_wid[3] in module axi_crossbar_v2_1_34_axi_crossbar is either unconnected or has no load
WARNING: [Synth 8-7129] Port s_axi_wid[2] in module axi_crossbar_v2_1_34_axi_crossbar is either unconnected or has no load
WARNING: [Synth 8-7129] Port s_axi_wid[1] in module axi_crossbar_v2_1_34_axi_crossbar is either unconnected or has no load
WARNING: [Synth 8-7129] Port s_axi_wid[0] in module axi_crossbar_v2_1_34_axi_crossbar is either unconnected or has no load
WARNING: [Synth 8-7129] Port s_axi_wuser[0] in module axi_crossbar_v2_1_34_axi_crossbar is either unconnected or has no load
WARNING: [Synth 8-7129] Port s_axi_aruser[0] in module axi_crossbar_v2_1_34_axi_crossbar is either unconnected or has no load
WARNING: [Synth 8-7129] Port m_axi_buser[1] in module axi_crossbar_v2_1_34_axi_crossbar is either unconnected or has no load
WARNING: [Synth 8-7129] Port m_axi_buser[0] in module axi_crossbar_v2_1_34_axi_crossbar is either unconnected or has no load
WARNING: [Synth 8-7129] Port m_axi_ruser[1] in module axi_crossbar_v2_1_34_axi_crossbar is either unconnected or has no load
WARNING: [Synth 8-7129] Port m_axi_ruser[0] in module axi_crossbar_v2_1_34_axi_crossbar is either unconnected or has no load
---------------------------------------------------------------------------------
Finished RTL Elaboration : Time (s): cpu = 00:00:12 ; elapsed = 00:00:34 . Memory (MB): peak = 1351.418 ; gain = 728.633
---------------------------------------------------------------------------------
---------------------------------------------------------------------------------
Start Handling Custom Attributes
---------------------------------------------------------------------------------
---------------------------------------------------------------------------------
Finished Handling Custom Attributes : Time (s): cpu = 00:00:12 ; elapsed = 00:00:35 . Memory (MB): peak = 1351.418 ; gain = 728.633
---------------------------------------------------------------------------------
---------------------------------------------------------------------------------
Finished RTL Optimization Phase 1 : Time (s): cpu = 00:00:12 ; elapsed = 00:00:35 . Memory (MB): peak = 1351.418 ; gain = 728.633
---------------------------------------------------------------------------------
Netlist sorting complete. Time (s): cpu = 00:00:00 ; elapsed = 00:00:00.188 . Memory (MB): peak = 1351.418 ; gain = 0.000
INFO: [Project 1-570] Preparing netlist for logic optimization

Processing XDC Constraints
Initializing timing engine
Parsing XDC File [c:/Users/Asus/Desktop/TKLL_2024/MIPS_single_cycle/new_prj/new_prj.gen/sources_1/bd/zynq_example/ip/zynq_example_axi_interconnect_0_imp_xbar_0/zynq_example_axi_interconnect_0_imp_xbar_0_ooc.xdc] for cell 'inst'
Finished Parsing XDC File [c:/Users/Asus/Desktop/TKLL_2024/MIPS_single_cycle/new_prj/new_prj.gen/sources_1/bd/zynq_example/ip/zynq_example_axi_interconnect_0_imp_xbar_0/zynq_example_axi_interconnect_0_imp_xbar_0_ooc.xdc] for cell 'inst'
Parsing XDC File [C:/Users/Asus/Desktop/TKLL_2024/MIPS_single_cycle/new_prj/new_prj.runs/zynq_example_axi_interconnect_0_imp_xbar_0_synth_1/dont_touch.xdc]
Finished Parsing XDC File [C:/Users/Asus/Desktop/TKLL_2024/MIPS_single_cycle/new_prj/new_prj.runs/zynq_example_axi_interconnect_0_imp_xbar_0_synth_1/dont_touch.xdc]
Completed Processing XDC Constraints

Netlist sorting complete. Time (s): cpu = 00:00:00 ; elapsed = 00:00:00.003 . Memory (MB): peak = 1415.234 ; gain = 0.000
INFO: [Project 1-111] Unisim Transformation Summary:
No Unisim elements were transformed.

Constraint Validation Runtime : Time (s): cpu = 00:00:00 ; elapsed = 00:00:00.143 . Memory (MB): peak = 1416.453 ; gain = 1.219
INFO: [Designutils 20-5008] Incremental synthesis strategy off

*** Running vivado
    with args -log zynq_example_axi_interconnect_0_imp_xbar_0.vds -m64 -product Vivado -mode batch -messageDb vivado.pb -notrace -source zynq_example_axi_interconnect_0_imp_xbar_0.tcl



****** Vivado v2024.2 (64-bit)
  **** SW Build 5239630 on Fri Nov 08 22:35:27 MST 2024
  **** IP Build 5239520 on Sun Nov 10 16:12:51 MST 2024
  **** SharedData Build 5239561 on Fri Nov 08 14:39:27 MST 2024
  **** Start of session at: Tue Dec 31 23:33:20 2024
    ** Copyright 1986-2022 Xilinx, Inc. All Rights Reserved.
    ** Copyright 2022-2024 Advanced Micro Devices, Inc. All Rights Reserved.

source zynq_example_axi_interconnect_0_imp_xbar_0.tcl -notrace
INFO: [IP_Flow 19-6924] IPCACHE: Running cache check for IP inst: zynq_example_axi_interconnect_0_imp_xbar_0
Command: synth_design -top zynq_example_axi_interconnect_0_imp_xbar_0 -part xc7z020clg484-1 -incremental_mode off -mode out_of_context
Starting synth_design
Attempting to get a license for feature 'Synthesis' and/or device 'xc7z020'
INFO: [Common 17-349] Got license for feature 'Synthesis' and/or device 'xc7z020'
INFO: [Device 21-403] Loading part xc7z020clg484-1
INFO: [Synth 8-7079] Multithreading enabled for synth_design using a maximum of 2 processes.
INFO: [Synth 8-7078] Launching helper process for spawning children vivado processes
INFO: [Synth 8-7075] Helper process launched with PID 5728
---------------------------------------------------------------------------------
Starting RTL Elaboration : Time (s): cpu = 00:00:09 ; elapsed = 00:00:16 . Memory (MB): peak = 1090.203 ; gain = 467.984
---------------------------------------------------------------------------------
WARNING: [Synth 8-10507] attribute 'X_INTERFACE_MODE' is already specified; last one will take precedence [c:/Users/Asus/Desktop/TKLL_2024/MIPS_single_cycle/new_prj/new_prj.gen/sources_1/bd/zynq_example/ip/zynq_example_axi_interconnect_0_imp_xbar_0/synth/zynq_example_axi_interconnect_0_imp_xbar_0.v:229]
WARNING: [Synth 8-10507] attribute 'X_INTERFACE_PARAMETER' is already specified; last one will take precedence [c:/Users/Asus/Desktop/TKLL_2024/MIPS_single_cycle/new_prj/new_prj.gen/sources_1/bd/zynq_example/ip/zynq_example_axi_interconnect_0_imp_xbar_0/synth/zynq_example_axi_interconnect_0_imp_xbar_0.v:231]
INFO: [Synth 8-6157] synthesizing module 'zynq_example_axi_interconnect_0_imp_xbar_0' [c:/Users/Asus/Desktop/TKLL_2024/MIPS_single_cycle/new_prj/new_prj.gen/sources_1/bd/zynq_example/ip/zynq_example_axi_interconnect_0_imp_xbar_0/synth/zynq_example_axi_interconnect_0_imp_xbar_0.v:53]
INFO: [Synth 8-6157] synthesizing module 'axi_crossbar_v2_1_34_axi_crossbar' [c:/Users/Asus/Desktop/TKLL_2024/MIPS_single_cycle/new_prj/new_prj.gen/sources_1/bd/zynq_example/ipshared/a7e3/hdl/axi_crossbar_v2_1_vl_rfs.v:4871]
INFO: [Synth 8-6157] synthesizing module 'axi_crossbar_v2_1_34_crossbar' [c:/Users/Asus/Desktop/TKLL_2024/MIPS_single_cycle/new_prj/new_prj.gen/sources_1/bd/zynq_example/ipshared/a7e3/hdl/axi_crossbar_v2_1_vl_rfs.v:2232]
INFO: [Synth 8-6157] synthesizing module 'axi_crossbar_v2_1_34_si_transactor' [c:/Users/Asus/Desktop/TKLL_2024/MIPS_single_cycle/new_prj/new_prj.gen/sources_1/bd/zynq_example/ipshared/a7e3/hdl/axi_crossbar_v2_1_vl_rfs.v:3791]
INFO: [Synth 8-6157] synthesizing module 'axi_crossbar_v2_1_34_addr_decoder' [c:/Users/Asus/Desktop/TKLL_2024/MIPS_single_cycle/new_prj/new_prj.gen/sources_1/bd/zynq_example/ipshared/a7e3/hdl/axi_crossbar_v2_1_vl_rfs.v:790]
INFO: [Synth 8-6157] synthesizing module 'generic_baseblocks_v2_1_2_comparator_static' [c:/Users/Asus/Desktop/TKLL_2024/MIPS_single_cycle/new_prj/new_prj.gen/sources_1/bd/zynq_example/ipshared/0c28/hdl/generic_baseblocks_v2_1_vl_rfs.v:2119]
INFO: [Synth 8-6157] synthesizing module 'generic_baseblocks_v2_1_2_carry_and' [c:/Users/Asus/Desktop/TKLL_2024/MIPS_single_cycle/new_prj/new_prj.gen/sources_1/bd/zynq_example/ipshared/0c28/hdl/generic_baseblocks_v2_1_vl_rfs.v:60]
INFO: [Synth 8-6155] done synthesizing module 'generic_baseblocks_v2_1_2_carry_and' (0#1) [c:/Users/Asus/Desktop/TKLL_2024/MIPS_single_cycle/new_prj/new_prj.gen/sources_1/bd/zynq_example/ipshared/0c28/hdl/generic_baseblocks_v2_1_vl_rfs.v:60]
INFO: [Synth 8-6155] done synthesizing module 'generic_baseblocks_v2_1_2_comparator_static' (0#1) [c:/Users/Asus/Desktop/TKLL_2024/MIPS_single_cycle/new_prj/new_prj.gen/sources_1/bd/zynq_example/ipshared/0c28/hdl/generic_baseblocks_v2_1_vl_rfs.v:2119]
INFO: [Synth 8-6157] synthesizing module 'generic_baseblocks_v2_1_2_comparator_static__parameterized0' [c:/Users/Asus/Desktop/TKLL_2024/MIPS_single_cycle/new_prj/new_prj.gen/sources_1/bd/zynq_example/ipshared/0c28/hdl/generic_baseblocks_v2_1_vl_rfs.v:2119]
INFO: [Synth 8-6155] done synthesizing module 'generic_baseblocks_v2_1_2_comparator_static__parameterized0' (0#1) [c:/Users/Asus/Desktop/TKLL_2024/MIPS_single_cycle/new_prj/new_prj.gen/sources_1/bd/zynq_example/ipshared/0c28/hdl/generic_baseblocks_v2_1_vl_rfs.v:2119]
INFO: [Synth 8-6155] done synthesizing module 'axi_crossbar_v2_1_34_addr_decoder' (0#1) [c:/Users/Asus/Desktop/TKLL_2024/MIPS_single_cycle/new_prj/new_prj.gen/sources_1/bd/zynq_example/ipshared/a7e3/hdl/axi_crossbar_v2_1_vl_rfs.v:790]
INFO: [Synth 8-6157] synthesizing module 'axi_data_fifo_v2_1_32_axic_srl_fifo' [c:/Users/Asus/Desktop/TKLL_2024/MIPS_single_cycle/new_prj/new_prj.gen/sources_1/bd/zynq_example/ipshared/65ce/hdl/axi_data_fifo_v2_1_vl_rfs.v:694]
INFO: [Synth 8-6157] synthesizing module 'axi_data_fifo_v2_1_32_ndeep_srl' [c:/Users/Asus/Desktop/TKLL_2024/MIPS_single_cycle/new_prj/new_prj.gen/sources_1/bd/zynq_example/ipshared/65ce/hdl/axi_data_fifo_v2_1_vl_rfs.v:1129]
INFO: [Synth 8-6157] synthesizing module 'SRLC32E' [D:/Xilinx/Vivado/2024.2/scripts/rt/data/unisim_comp.v:149195]
INFO: [Synth 8-6155] done synthesizing module 'SRLC32E' (0#1) [D:/Xilinx/Vivado/2024.2/scripts/rt/data/unisim_comp.v:149195]
INFO: [Synth 8-6155] done synthesizing module 'axi_data_fifo_v2_1_32_ndeep_srl' (0#1) [c:/Users/Asus/Desktop/TKLL_2024/MIPS_single_cycle/new_prj/new_prj.gen/sources_1/bd/zynq_example/ipshared/65ce/hdl/axi_data_fifo_v2_1_vl_rfs.v:1129]
INFO: [Synth 8-6155] done synthesizing module 'axi_data_fifo_v2_1_32_axic_srl_fifo' (0#1) [c:/Users/Asus/Desktop/TKLL_2024/MIPS_single_cycle/new_prj/new_prj.gen/sources_1/bd/zynq_example/ipshared/65ce/hdl/axi_data_fifo_v2_1_vl_rfs.v:694]
INFO: [Synth 8-6157] synthesizing module 'axi_crossbar_v2_1_34_arbiter_resp' [c:/Users/Asus/Desktop/TKLL_2024/MIPS_single_cycle/new_prj/new_prj.gen/sources_1/bd/zynq_example/ipshared/a7e3/hdl/axi_crossbar_v2_1_vl_rfs.v:1020]
INFO: [Synth 8-6155] done synthesizing module 'axi_crossbar_v2_1_34_arbiter_resp' (0#1) [c:/Users/Asus/Desktop/TKLL_2024/MIPS_single_cycle/new_prj/new_prj.gen/sources_1/bd/zynq_example/ipshared/a7e3/hdl/axi_crossbar_v2_1_vl_rfs.v:1020]
INFO: [Synth 8-6157] synthesizing module 'generic_baseblocks_v2_1_2_mux_enc' [c:/Users/Asus/Desktop/TKLL_2024/MIPS_single_cycle/new_prj/new_prj.gen/sources_1/bd/zynq_example/ipshared/0c28/hdl/generic_baseblocks_v2_1_vl_rfs.v:2436]
INFO: [Synth 8-6155] done synthesizing module 'generic_baseblocks_v2_1_2_mux_enc' (0#1) [c:/Users/Asus/Desktop/TKLL_2024/MIPS_single_cycle/new_prj/new_prj.gen/sources_1/bd/zynq_example/ipshared/0c28/hdl/generic_baseblocks_v2_1_vl_rfs.v:2436]
INFO: [Synth 8-6155] done synthesizing module 'axi_crossbar_v2_1_34_si_transactor' (0#1) [c:/Users/Asus/Desktop/TKLL_2024/MIPS_single_cycle/new_prj/new_prj.gen/sources_1/bd/zynq_example/ipshared/a7e3/hdl/axi_crossbar_v2_1_vl_rfs.v:3791]
INFO: [Synth 8-6157] synthesizing module 'axi_crossbar_v2_1_34_si_transactor__parameterized0' [c:/Users/Asus/Desktop/TKLL_2024/MIPS_single_cycle/new_prj/new_prj.gen/sources_1/bd/zynq_example/ipshared/a7e3/hdl/axi_crossbar_v2_1_vl_rfs.v:3791]
INFO: [Synth 8-6157] synthesizing module 'generic_baseblocks_v2_1_2_mux_enc__parameterized0' [c:/Users/Asus/Desktop/TKLL_2024/MIPS_single_cycle/new_prj/new_prj.gen/sources_1/bd/zynq_example/ipshared/0c28/hdl/generic_baseblocks_v2_1_vl_rfs.v:2436]
INFO: [Synth 8-6155] done synthesizing module 'generic_baseblocks_v2_1_2_mux_enc__parameterized0' (0#1) [c:/Users/Asus/Desktop/TKLL_2024/MIPS_single_cycle/new_prj/new_prj.gen/sources_1/bd/zynq_example/ipshared/0c28/hdl/generic_baseblocks_v2_1_vl_rfs.v:2436]
INFO: [Synth 8-6155] done synthesizing module 'axi_crossbar_v2_1_34_si_transactor__parameterized0' (0#1) [c:/Users/Asus/Desktop/TKLL_2024/MIPS_single_cycle/new_prj/new_prj.gen/sources_1/bd/zynq_example/ipshared/a7e3/hdl/axi_crossbar_v2_1_vl_rfs.v:3791]
INFO: [Synth 8-6157] synthesizing module 'axi_crossbar_v2_1_34_splitter' [c:/Users/Asus/Desktop/TKLL_2024/MIPS_single_cycle/new_prj/new_prj.gen/sources_1/bd/zynq_example/ipshared/a7e3/hdl/axi_crossbar_v2_1_vl_rfs.v:4451]
INFO: [Synth 8-6155] done synthesizing module 'axi_crossbar_v2_1_34_splitter' (0#1) [c:/Users/Asus/Desktop/TKLL_2024/MIPS_single_cycle/new_prj/new_prj.gen/sources_1/bd/zynq_example/ipshared/a7e3/hdl/axi_crossbar_v2_1_vl_rfs.v:4451]
INFO: [Synth 8-6157] synthesizing module 'axi_crossbar_v2_1_34_wdata_router' [c:/Users/Asus/Desktop/TKLL_2024/MIPS_single_cycle/new_prj/new_prj.gen/sources_1/bd/zynq_example/ipshared/a7e3/hdl/axi_crossbar_v2_1_vl_rfs.v:4724]
INFO: [Synth 8-6157] synthesizing module 'axi_data_fifo_v2_1_32_axic_reg_srl_fifo' [c:/Users/Asus/Desktop/TKLL_2024/MIPS_single_cycle/new_prj/new_prj.gen/sources_1/bd/zynq_example/ipshared/65ce/hdl/axi_data_fifo_v2_1_vl_rfs.v:884]
INFO: [Synth 8-6157] synthesizing module 'axi_data_fifo_v2_1_32_ndeep_srl__parameterized0' [c:/Users/Asus/Desktop/TKLL_2024/MIPS_single_cycle/new_prj/new_prj.gen/sources_1/bd/zynq_example/ipshared/65ce/hdl/axi_data_fifo_v2_1_vl_rfs.v:1129]
INFO: [Synth 8-6155] done synthesizing module 'axi_data_fifo_v2_1_32_ndeep_srl__parameterized0' (0#1) [c:/Users/Asus/Desktop/TKLL_2024/MIPS_single_cycle/new_prj/new_prj.gen/sources_1/bd/zynq_example/ipshared/65ce/hdl/axi_data_fifo_v2_1_vl_rfs.v:1129]
INFO: [Synth 8-155] case statement is not full and has no default [c:/Users/Asus/Desktop/TKLL_2024/MIPS_single_cycle/new_prj/new_prj.gen/sources_1/bd/zynq_example/ipshared/65ce/hdl/axi_data_fifo_v2_1_vl_rfs.v:982]
INFO: [Synth 8-6155] done synthesizing module 'axi_data_fifo_v2_1_32_axic_reg_srl_fifo' (0#1) [c:/Users/Asus/Desktop/TKLL_2024/MIPS_single_cycle/new_prj/new_prj.gen/sources_1/bd/zynq_example/ipshared/65ce/hdl/axi_data_fifo_v2_1_vl_rfs.v:884]
INFO: [Synth 8-6155] done synthesizing module 'axi_crossbar_v2_1_34_wdata_router' (0#1) [c:/Users/Asus/Desktop/TKLL_2024/MIPS_single_cycle/new_prj/new_prj.gen/sources_1/bd/zynq_example/ipshared/a7e3/hdl/axi_crossbar_v2_1_vl_rfs.v:4724]
INFO: [Synth 8-6157] synthesizing module 'axi_data_fifo_v2_1_32_axic_srl_fifo__parameterized0' [c:/Users/Asus/Desktop/TKLL_2024/MIPS_single_cycle/new_prj/new_prj.gen/sources_1/bd/zynq_example/ipshared/65ce/hdl/axi_data_fifo_v2_1_vl_rfs.v:694]
INFO: [Synth 8-6155] done synthesizing module 'axi_data_fifo_v2_1_32_axic_srl_fifo__parameterized0' (0#1) [c:/Users/Asus/Desktop/TKLL_2024/MIPS_single_cycle/new_prj/new_prj.gen/sources_1/bd/zynq_example/ipshared/65ce/hdl/axi_data_fifo_v2_1_vl_rfs.v:694]
INFO: [Synth 8-6157] synthesizing module 'axi_crossbar_v2_1_34_wdata_mux' [c:/Users/Asus/Desktop/TKLL_2024/MIPS_single_cycle/new_prj/new_prj.gen/sources_1/bd/zynq_example/ipshared/a7e3/hdl/axi_crossbar_v2_1_vl_rfs.v:4550]
INFO: [Synth 8-6155] done synthesizing module 'axi_crossbar_v2_1_34_wdata_mux' (0#1) [c:/Users/Asus/Desktop/TKLL_2024/MIPS_single_cycle/new_prj/new_prj.gen/sources_1/bd/zynq_example/ipshared/a7e3/hdl/axi_crossbar_v2_1_vl_rfs.v:4550]
INFO: [Synth 8-6157] synthesizing module 'axi_register_slice_v2_1_33_axi_register_slice' [c:/Users/Asus/Desktop/TKLL_2024/MIPS_single_cycle/new_prj/new_prj.gen/sources_1/bd/zynq_example/ipshared/3ee4/hdl/axi_register_slice_v2_1_vl_rfs.v:3721]
INFO: [Synth 8-6157] synthesizing module 'axi_infrastructure_v1_1_0_axi2vector' [c:/Users/Asus/Desktop/TKLL_2024/MIPS_single_cycle/new_prj/new_prj.gen/sources_1/bd/zynq_example/ipshared/ec67/hdl/axi_infrastructure_v1_1_vl_rfs.v:59]
INFO: [Synth 8-6155] done synthesizing module 'axi_infrastructure_v1_1_0_axi2vector' (0#1) [c:/Users/Asus/Desktop/TKLL_2024/MIPS_single_cycle/new_prj/new_prj.gen/sources_1/bd/zynq_example/ipshared/ec67/hdl/axi_infrastructure_v1_1_vl_rfs.v:59]
INFO: [Synth 8-6157] synthesizing module 'axi_infrastructure_v1_1_0_vector2axi' [c:/Users/Asus/Desktop/TKLL_2024/MIPS_single_cycle/new_prj/new_prj.gen/sources_1/bd/zynq_example/ipshared/ec67/hdl/axi_infrastructure_v1_1_vl_rfs.v:473]
INFO: [Synth 8-6155] done synthesizing module 'axi_infrastructure_v1_1_0_vector2axi' (0#1) [c:/Users/Asus/Desktop/TKLL_2024/MIPS_single_cycle/new_prj/new_prj.gen/sources_1/bd/zynq_example/ipshared/ec67/hdl/axi_infrastructure_v1_1_vl_rfs.v:473]
INFO: [Synth 8-6157] synthesizing module 'axi_register_slice_v2_1_33_axic_register_slice' [c:/Users/Asus/Desktop/TKLL_2024/MIPS_single_cycle/new_prj/new_prj.gen/sources_1/bd/zynq_example/ipshared/3ee4/hdl/axi_register_slice_v2_1_vl_rfs.v:1492]
INFO: [Synth 8-6155] done synthesizing module 'axi_register_slice_v2_1_33_axic_register_slice' (0#1) [c:/Users/Asus/Desktop/TKLL_2024/MIPS_single_cycle/new_prj/new_prj.gen/sources_1/bd/zynq_example/ipshared/3ee4/hdl/axi_register_slice_v2_1_vl_rfs.v:1492]
INFO: [Synth 8-6157] synthesizing module 'axi_register_slice_v2_1_33_axic_register_slice__parameterized0' [c:/Users/Asus/Desktop/TKLL_2024/MIPS_single_cycle/new_prj/new_prj.gen/sources_1/bd/zynq_example/ipshared/3ee4/hdl/axi_register_slice_v2_1_vl_rfs.v:1492]
INFO: [Synth 8-6155] done synthesizing module 'axi_register_slice_v2_1_33_axic_register_slice__parameterized0' (0#1) [c:/Users/Asus/Desktop/TKLL_2024/MIPS_single_cycle/new_prj/new_prj.gen/sources_1/bd/zynq_example/ipshared/3ee4/hdl/axi_register_slice_v2_1_vl_rfs.v:1492]
INFO: [Synth 8-6157] synthesizing module 'axi_register_slice_v2_1_33_axic_register_slice__parameterized1' [c:/Users/Asus/Desktop/TKLL_2024/MIPS_single_cycle/new_prj/new_prj.gen/sources_1/bd/zynq_example/ipshared/3ee4/hdl/axi_register_slice_v2_1_vl_rfs.v:1492]
INFO: [Synth 8-6155] done synthesizing module 'axi_register_slice_v2_1_33_axic_register_slice__parameterized1' (0#1) [c:/Users/Asus/Desktop/TKLL_2024/MIPS_single_cycle/new_prj/new_prj.gen/sources_1/bd/zynq_example/ipshared/3ee4/hdl/axi_register_slice_v2_1_vl_rfs.v:1492]
INFO: [Synth 8-6157] synthesizing module 'axi_register_slice_v2_1_33_axic_register_slice__parameterized2' [c:/Users/Asus/Desktop/TKLL_2024/MIPS_single_cycle/new_prj/new_prj.gen/sources_1/bd/zynq_example/ipshared/3ee4/hdl/axi_register_slice_v2_1_vl_rfs.v:1492]
INFO: [Synth 8-6155] done synthesizing module 'axi_register_slice_v2_1_33_axic_register_slice__parameterized2' (0#1) [c:/Users/Asus/Desktop/TKLL_2024/MIPS_single_cycle/new_prj/new_prj.gen/sources_1/bd/zynq_example/ipshared/3ee4/hdl/axi_register_slice_v2_1_vl_rfs.v:1492]
INFO: [Synth 8-6155] done synthesizing module 'axi_register_slice_v2_1_33_axi_register_slice' (0#1) [c:/Users/Asus/Desktop/TKLL_2024/MIPS_single_cycle/new_prj/new_prj.gen/sources_1/bd/zynq_example/ipshared/3ee4/hdl/axi_register_slice_v2_1_vl_rfs.v:3721]
WARNING: [Synth 8-7071] port 'aclk2x' of module 'axi_register_slice_v2_1_33_axi_register_slice' is unconnected for instance 'reg_slice_mi' [c:/Users/Asus/Desktop/TKLL_2024/MIPS_single_cycle/new_prj/new_prj.gen/sources_1/bd/zynq_example/ipshared/a7e3/hdl/axi_crossbar_v2_1_vl_rfs.v:3116]
WARNING: [Synth 8-7023] instance 'reg_slice_mi' of module 'axi_register_slice_v2_1_33_axi_register_slice' has 93 connections declared, but only 92 given [c:/Users/Asus/Desktop/TKLL_2024/MIPS_single_cycle/new_prj/new_prj.gen/sources_1/bd/zynq_example/ipshared/a7e3/hdl/axi_crossbar_v2_1_vl_rfs.v:3116]
WARNING: [Synth 8-7071] port 'aclk2x' of module 'axi_register_slice_v2_1_33_axi_register_slice' is unconnected for instance 'reg_slice_mi' [c:/Users/Asus/Desktop/TKLL_2024/MIPS_single_cycle/new_prj/new_prj.gen/sources_1/bd/zynq_example/ipshared/a7e3/hdl/axi_crossbar_v2_1_vl_rfs.v:3116]
WARNING: [Synth 8-7023] instance 'reg_slice_mi' of module 'axi_register_slice_v2_1_33_axi_register_slice' has 93 connections declared, but only 92 given [c:/Users/Asus/Desktop/TKLL_2024/MIPS_single_cycle/new_prj/new_prj.gen/sources_1/bd/zynq_example/ipshared/a7e3/hdl/axi_crossbar_v2_1_vl_rfs.v:3116]
INFO: [Synth 8-6157] synthesizing module 'axi_data_fifo_v2_1_32_axic_srl_fifo__parameterized1' [c:/Users/Asus/Desktop/TKLL_2024/MIPS_single_cycle/new_prj/new_prj.gen/sources_1/bd/zynq_example/ipshared/65ce/hdl/axi_data_fifo_v2_1_vl_rfs.v:694]
INFO: [Synth 8-6157] synthesizing module 'axi_data_fifo_v2_1_32_ndeep_srl__parameterized1' [c:/Users/Asus/Desktop/TKLL_2024/MIPS_single_cycle/new_prj/new_prj.gen/sources_1/bd/zynq_example/ipshared/65ce/hdl/axi_data_fifo_v2_1_vl_rfs.v:1129]
INFO: [Synth 8-6155] done synthesizing module 'axi_data_fifo_v2_1_32_ndeep_srl__parameterized1' (0#1) [c:/Users/Asus/Desktop/TKLL_2024/MIPS_single_cycle/new_prj/new_prj.gen/sources_1/bd/zynq_example/ipshared/65ce/hdl/axi_data_fifo_v2_1_vl_rfs.v:1129]
INFO: [Synth 8-6155] done synthesizing module 'axi_data_fifo_v2_1_32_axic_srl_fifo__parameterized1' (0#1) [c:/Users/Asus/Desktop/TKLL_2024/MIPS_single_cycle/new_prj/new_prj.gen/sources_1/bd/zynq_example/ipshared/65ce/hdl/axi_data_fifo_v2_1_vl_rfs.v:694]
INFO: [Synth 8-6157] synthesizing module 'axi_crossbar_v2_1_34_wdata_mux__parameterized0' [c:/Users/Asus/Desktop/TKLL_2024/MIPS_single_cycle/new_prj/new_prj.gen/sources_1/bd/zynq_example/ipshared/a7e3/hdl/axi_crossbar_v2_1_vl_rfs.v:4550]
INFO: [Synth 8-6155] done synthesizing module 'axi_crossbar_v2_1_34_wdata_mux__parameterized0' (0#1) [c:/Users/Asus/Desktop/TKLL_2024/MIPS_single_cycle/new_prj/new_prj.gen/sources_1/bd/zynq_example/ipshared/a7e3/hdl/axi_crossbar_v2_1_vl_rfs.v:4550]
WARNING: [Synth 8-7071] port 'aclk2x' of module 'axi_register_slice_v2_1_33_axi_register_slice' is unconnected for instance 'reg_slice_mi' [c:/Users/Asus/Desktop/TKLL_2024/MIPS_single_cycle/new_prj/new_prj.gen/sources_1/bd/zynq_example/ipshared/a7e3/hdl/axi_crossbar_v2_1_vl_rfs.v:3116]
WARNING: [Synth 8-7023] instance 'reg_slice_mi' of module 'axi_register_slice_v2_1_33_axi_register_slice' has 93 connections declared, but only 92 given [c:/Users/Asus/Desktop/TKLL_2024/MIPS_single_cycle/new_prj/new_prj.gen/sources_1/bd/zynq_example/ipshared/a7e3/hdl/axi_crossbar_v2_1_vl_rfs.v:3116]
INFO: [Synth 8-6157] synthesizing module 'axi_crossbar_v2_1_34_decerr_slave' [c:/Users/Asus/Desktop/TKLL_2024/MIPS_single_cycle/new_prj/new_prj.gen/sources_1/bd/zynq_example/ipshared/a7e3/hdl/axi_crossbar_v2_1_vl_rfs.v:3493]
INFO: [Synth 8-155] case statement is not full and has no default [c:/Users/Asus/Desktop/TKLL_2024/MIPS_single_cycle/new_prj/new_prj.gen/sources_1/bd/zynq_example/ipshared/a7e3/hdl/axi_crossbar_v2_1_vl_rfs.v:3626]
INFO: [Synth 8-6155] done synthesizing module 'axi_crossbar_v2_1_34_decerr_slave' (0#1) [c:/Users/Asus/Desktop/TKLL_2024/MIPS_single_cycle/new_prj/new_prj.gen/sources_1/bd/zynq_example/ipshared/a7e3/hdl/axi_crossbar_v2_1_vl_rfs.v:3493]
INFO: [Synth 8-6157] synthesizing module 'axi_crossbar_v2_1_34_addr_arbiter' [c:/Users/Asus/Desktop/TKLL_2024/MIPS_single_cycle/new_prj/new_prj.gen/sources_1/bd/zynq_example/ipshared/a7e3/hdl/axi_crossbar_v2_1_vl_rfs.v:420]
INFO: [Synth 8-6155] done synthesizing module 'axi_crossbar_v2_1_34_addr_arbiter' (0#1) [c:/Users/Asus/Desktop/TKLL_2024/MIPS_single_cycle/new_prj/new_prj.gen/sources_1/bd/zynq_example/ipshared/a7e3/hdl/axi_crossbar_v2_1_vl_rfs.v:420]
INFO: [Synth 8-6155] done synthesizing module 'axi_crossbar_v2_1_34_crossbar' (0#1) [c:/Users/Asus/Desktop/TKLL_2024/MIPS_single_cycle/new_prj/new_prj.gen/sources_1/bd/zynq_example/ipshared/a7e3/hdl/axi_crossbar_v2_1_vl_rfs.v:2232]
INFO: [Synth 8-6155] done synthesizing module 'axi_crossbar_v2_1_34_axi_crossbar' (0#1) [c:/Users/Asus/Desktop/TKLL_2024/MIPS_single_cycle/new_prj/new_prj.gen/sources_1/bd/zynq_example/ipshared/a7e3/hdl/axi_crossbar_v2_1_vl_rfs.v:4871]
INFO: [Synth 8-6155] done synthesizing module 'zynq_example_axi_interconnect_0_imp_xbar_0' (0#1) [c:/Users/Asus/Desktop/TKLL_2024/MIPS_single_cycle/new_prj/new_prj.gen/sources_1/bd/zynq_example/ip/zynq_example_axi_interconnect_0_imp_xbar_0/synth/zynq_example_axi_interconnect_0_imp_xbar_0.v:53]
WARNING: [Synth 8-6014] Unused sequential element areset_d1_reg was removed.  [c:/Users/Asus/Desktop/TKLL_2024/MIPS_single_cycle/new_prj/new_prj.gen/sources_1/bd/zynq_example/ipshared/65ce/hdl/axi_data_fifo_v2_1_vl_rfs.v:747]
WARNING: [Synth 8-6014] Unused sequential element S_READY_i_reg was removed.  [c:/Users/Asus/Desktop/TKLL_2024/MIPS_single_cycle/new_prj/new_prj.gen/sources_1/bd/zynq_example/ipshared/65ce/hdl/axi_data_fifo_v2_1_vl_rfs.v:786]
WARNING: [Synth 8-6014] Unused sequential element gen_multi_thread.gen_thread_loop[0].gen_debug_r_multi_thread.debug_r_beat_cnt_i_reg was removed.  [c:/Users/Asus/Desktop/TKLL_2024/MIPS_single_cycle/new_prj/new_prj.gen/sources_1/bd/zynq_example/ipshared/a7e3/hdl/axi_crossbar_v2_1_vl_rfs.v:4338]
WARNING: [Synth 8-6014] Unused sequential element gen_multi_thread.gen_thread_loop[1].gen_debug_r_multi_thread.debug_r_beat_cnt_i_reg was removed.  [c:/Users/Asus/Desktop/TKLL_2024/MIPS_single_cycle/new_prj/new_prj.gen/sources_1/bd/zynq_example/ipshared/a7e3/hdl/axi_crossbar_v2_1_vl_rfs.v:4338]
WARNING: [Synth 8-6014] Unused sequential element gen_multi_thread.gen_thread_loop[2].gen_debug_r_multi_thread.debug_r_beat_cnt_i_reg was removed.  [c:/Users/Asus/Desktop/TKLL_2024/MIPS_single_cycle/new_prj/new_prj.gen/sources_1/bd/zynq_example/ipshared/a7e3/hdl/axi_crossbar_v2_1_vl_rfs.v:4338]
WARNING: [Synth 8-6014] Unused sequential element gen_multi_thread.gen_thread_loop[3].gen_debug_r_multi_thread.debug_r_beat_cnt_i_reg was removed.  [c:/Users/Asus/Desktop/TKLL_2024/MIPS_single_cycle/new_prj/new_prj.gen/sources_1/bd/zynq_example/ipshared/a7e3/hdl/axi_crossbar_v2_1_vl_rfs.v:4338]
WARNING: [Synth 8-6014] Unused sequential element gen_multi_thread.gen_thread_loop[4].gen_debug_r_multi_thread.debug_r_beat_cnt_i_reg was removed.  [c:/Users/Asus/Desktop/TKLL_2024/MIPS_single_cycle/new_prj/new_prj.gen/sources_1/bd/zynq_example/ipshared/a7e3/hdl/axi_crossbar_v2_1_vl_rfs.v:4338]
WARNING: [Synth 8-6014] Unused sequential element gen_multi_thread.gen_thread_loop[5].gen_debug_r_multi_thread.debug_r_beat_cnt_i_reg was removed.  [c:/Users/Asus/Desktop/TKLL_2024/MIPS_single_cycle/new_prj/new_prj.gen/sources_1/bd/zynq_example/ipshared/a7e3/hdl/axi_crossbar_v2_1_vl_rfs.v:4338]
WARNING: [Synth 8-6014] Unused sequential element gen_multi_thread.gen_thread_loop[6].gen_debug_r_multi_thread.debug_r_beat_cnt_i_reg was removed.  [c:/Users/Asus/Desktop/TKLL_2024/MIPS_single_cycle/new_prj/new_prj.gen/sources_1/bd/zynq_example/ipshared/a7e3/hdl/axi_crossbar_v2_1_vl_rfs.v:4338]
WARNING: [Synth 8-6014] Unused sequential element gen_multi_thread.gen_thread_loop[7].gen_debug_r_multi_thread.debug_r_beat_cnt_i_reg was removed.  [c:/Users/Asus/Desktop/TKLL_2024/MIPS_single_cycle/new_prj/new_prj.gen/sources_1/bd/zynq_example/ipshared/a7e3/hdl/axi_crossbar_v2_1_vl_rfs.v:4338]
WARNING: [Synth 8-6014] Unused sequential element gen_multi_thread.gen_thread_loop[0].gen_debug_r_multi_thread.debug_r_beat_cnt_i_reg was removed.  [c:/Users/Asus/Desktop/TKLL_2024/MIPS_single_cycle/new_prj/new_prj.gen/sources_1/bd/zynq_example/ipshared/a7e3/hdl/axi_crossbar_v2_1_vl_rfs.v:4338]
WARNING: [Synth 8-6014] Unused sequential element gen_multi_thread.gen_thread_loop[1].gen_debug_r_multi_thread.debug_r_beat_cnt_i_reg was removed.  [c:/Users/Asus/Desktop/TKLL_2024/MIPS_single_cycle/new_prj/new_prj.gen/sources_1/bd/zynq_example/ipshared/a7e3/hdl/axi_crossbar_v2_1_vl_rfs.v:4338]
WARNING: [Synth 8-6014] Unused sequential element gen_multi_thread.gen_thread_loop[2].gen_debug_r_multi_thread.debug_r_beat_cnt_i_reg was removed.  [c:/Users/Asus/Desktop/TKLL_2024/MIPS_single_cycle/new_prj/new_prj.gen/sources_1/bd/zynq_example/ipshared/a7e3/hdl/axi_crossbar_v2_1_vl_rfs.v:4338]
WARNING: [Synth 8-6014] Unused sequential element gen_multi_thread.gen_thread_loop[3].gen_debug_r_multi_thread.debug_r_beat_cnt_i_reg was removed.  [c:/Users/Asus/Desktop/TKLL_2024/MIPS_single_cycle/new_prj/new_prj.gen/sources_1/bd/zynq_example/ipshared/a7e3/hdl/axi_crossbar_v2_1_vl_rfs.v:4338]
WARNING: [Synth 8-6014] Unused sequential element gen_multi_thread.gen_thread_loop[4].gen_debug_r_multi_thread.debug_r_beat_cnt_i_reg was removed.  [c:/Users/Asus/Desktop/TKLL_2024/MIPS_single_cycle/new_prj/new_prj.gen/sources_1/bd/zynq_example/ipshared/a7e3/hdl/axi_crossbar_v2_1_vl_rfs.v:4338]
WARNING: [Synth 8-6014] Unused sequential element gen_multi_thread.gen_thread_loop[5].gen_debug_r_multi_thread.debug_r_beat_cnt_i_reg was removed.  [c:/Users/Asus/Desktop/TKLL_2024/MIPS_single_cycle/new_prj/new_prj.gen/sources_1/bd/zynq_example/ipshared/a7e3/hdl/axi_crossbar_v2_1_vl_rfs.v:4338]
WARNING: [Synth 8-6014] Unused sequential element gen_multi_thread.gen_thread_loop[6].gen_debug_r_multi_thread.debug_r_beat_cnt_i_reg was removed.  [c:/Users/Asus/Desktop/TKLL_2024/MIPS_single_cycle/new_prj/new_prj.gen/sources_1/bd/zynq_example/ipshared/a7e3/hdl/axi_crossbar_v2_1_vl_rfs.v:4338]
WARNING: [Synth 8-6014] Unused sequential element gen_multi_thread.gen_thread_loop[7].gen_debug_r_multi_thread.debug_r_beat_cnt_i_reg was removed.  [c:/Users/Asus/Desktop/TKLL_2024/MIPS_single_cycle/new_prj/new_prj.gen/sources_1/bd/zynq_example/ipshared/a7e3/hdl/axi_crossbar_v2_1_vl_rfs.v:4338]
WARNING: [Synth 8-6014] Unused sequential element areset_d1_reg was removed.  [c:/Users/Asus/Desktop/TKLL_2024/MIPS_single_cycle/new_prj/new_prj.gen/sources_1/bd/zynq_example/ipshared/65ce/hdl/axi_data_fifo_v2_1_vl_rfs.v:747]
WARNING: [Synth 8-6014] Unused sequential element S_READY_i_reg was removed.  [c:/Users/Asus/Desktop/TKLL_2024/MIPS_single_cycle/new_prj/new_prj.gen/sources_1/bd/zynq_example/ipshared/65ce/hdl/axi_data_fifo_v2_1_vl_rfs.v:786]
WARNING: [Synth 8-6014] Unused sequential element areset_d1_reg was removed.  [c:/Users/Asus/Desktop/TKLL_2024/MIPS_single_cycle/new_prj/new_prj.gen/sources_1/bd/zynq_example/ipshared/65ce/hdl/axi_data_fifo_v2_1_vl_rfs.v:747]
WARNING: [Synth 8-6014] Unused sequential element S_READY_i_reg was removed.  [c:/Users/Asus/Desktop/TKLL_2024/MIPS_single_cycle/new_prj/new_prj.gen/sources_1/bd/zynq_example/ipshared/65ce/hdl/axi_data_fifo_v2_1_vl_rfs.v:786]
WARNING: [Synth 8-6014] Unused sequential element gen_master_slots[0].gen_mi_write.gen_debug_w.debug_w_beat_cnt_i_reg was removed.  [c:/Users/Asus/Desktop/TKLL_2024/MIPS_single_cycle/new_prj/new_prj.gen/sources_1/bd/zynq_example/ipshared/a7e3/hdl/axi_crossbar_v2_1_vl_rfs.v:2991]
WARNING: [Synth 8-6014] Unused sequential element gen_master_slots[1].gen_mi_write.gen_debug_w.debug_w_beat_cnt_i_reg was removed.  [c:/Users/Asus/Desktop/TKLL_2024/MIPS_single_cycle/new_prj/new_prj.gen/sources_1/bd/zynq_example/ipshared/a7e3/hdl/axi_crossbar_v2_1_vl_rfs.v:2991]
WARNING: [Synth 8-6014] Unused sequential element gen_master_slots[2].gen_mi_write.gen_debug_w.debug_w_beat_cnt_i_reg was removed.  [c:/Users/Asus/Desktop/TKLL_2024/MIPS_single_cycle/new_prj/new_prj.gen/sources_1/bd/zynq_example/ipshared/a7e3/hdl/axi_crossbar_v2_1_vl_rfs.v:2991]
WARNING: [Synth 8-7129] Port ACLK in module axi_register_slice_v2_1_33_axic_register_slice is either unconnected or has no load
WARNING: [Synth 8-7129] Port ARESET in module axi_register_slice_v2_1_33_axic_register_slice is either unconnected or has no load
WARNING: [Synth 8-7129] Port ACLK in module axi_register_slice_v2_1_33_axic_register_slice__parameterized0 is either unconnected or has no load
WARNING: [Synth 8-7129] Port ARESET in module axi_register_slice_v2_1_33_axic_register_slice__parameterized0 is either unconnected or has no load
WARNING: [Synth 8-7129] Port m_axi_buser[0] in module axi_infrastructure_v1_1_0_vector2axi is either unconnected or has no load
WARNING: [Synth 8-7129] Port m_axi_ruser[0] in module axi_infrastructure_v1_1_0_vector2axi is either unconnected or has no load
WARNING: [Synth 8-7129] Port s_axi_awuser[0] in module axi_infrastructure_v1_1_0_axi2vector is either unconnected or has no load
WARNING: [Synth 8-7129] Port s_axi_wid[11] in module axi_infrastructure_v1_1_0_axi2vector is either unconnected or has no load
WARNING: [Synth 8-7129] Port s_axi_wid[10] in module axi_infrastructure_v1_1_0_axi2vector is either unconnected or has no load
WARNING: [Synth 8-7129] Port s_axi_wid[9] in module axi_infrastructure_v1_1_0_axi2vector is either unconnected or has no load
WARNING: [Synth 8-7129] Port s_axi_wid[8] in module axi_infrastructure_v1_1_0_axi2vector is either unconnected or has no load
WARNING: [Synth 8-7129] Port s_axi_wid[7] in module axi_infrastructure_v1_1_0_axi2vector is either unconnected or has no load
WARNING: [Synth 8-7129] Port s_axi_wid[6] in module axi_infrastructure_v1_1_0_axi2vector is either unconnected or has no load
WARNING: [Synth 8-7129] Port s_axi_wid[5] in module axi_infrastructure_v1_1_0_axi2vector is either unconnected or has no load
WARNING: [Synth 8-7129] Port s_axi_wid[4] in module axi_infrastructure_v1_1_0_axi2vector is either unconnected or has no load
WARNING: [Synth 8-7129] Port s_axi_wid[3] in module axi_infrastructure_v1_1_0_axi2vector is either unconnected or has no load
WARNING: [Synth 8-7129] Port s_axi_wid[2] in module axi_infrastructure_v1_1_0_axi2vector is either unconnected or has no load
WARNING: [Synth 8-7129] Port s_axi_wid[1] in module axi_infrastructure_v1_1_0_axi2vector is either unconnected or has no load
WARNING: [Synth 8-7129] Port s_axi_wid[0] in module axi_infrastructure_v1_1_0_axi2vector is either unconnected or has no load
WARNING: [Synth 8-7129] Port s_axi_wuser[0] in module axi_infrastructure_v1_1_0_axi2vector is either unconnected or has no load
WARNING: [Synth 8-7129] Port s_axi_aruser[0] in module axi_infrastructure_v1_1_0_axi2vector is either unconnected or has no load
WARNING: [Synth 8-7129] Port aclk2x in module axi_register_slice_v2_1_33_axi_register_slice is either unconnected or has no load
WARNING: [Synth 8-7129] Port ACLK in module axi_crossbar_v2_1_34_wdata_mux is either unconnected or has no load
WARNING: [Synth 8-7129] Port ARESET in module axi_crossbar_v2_1_34_wdata_mux is either unconnected or has no load
WARNING: [Synth 8-7129] Port S_ASELECT[0] in module axi_crossbar_v2_1_34_wdata_mux is either unconnected or has no load
WARNING: [Synth 8-7129] Port S_AVALID in module axi_crossbar_v2_1_34_wdata_mux is either unconnected or has no load
WARNING: [Synth 8-7129] Port ADDR[1] in module axi_crossbar_v2_1_34_addr_decoder is either unconnected or has no load
WARNING: [Synth 8-7129] Port ADDR[0] in module axi_crossbar_v2_1_34_addr_decoder is either unconnected or has no load
WARNING: [Synth 8-7129] Port S_ABURST[1] in module axi_crossbar_v2_1_34_si_transactor__parameterized0 is either unconnected or has no load
WARNING: [Synth 8-7129] Port S_ABURST[0] in module axi_crossbar_v2_1_34_si_transactor__parameterized0 is either unconnected or has no load
WARNING: [Synth 8-7129] Port S_ABURST[1] in module axi_crossbar_v2_1_34_si_transactor is either unconnected or has no load
WARNING: [Synth 8-7129] Port S_ABURST[0] in module axi_crossbar_v2_1_34_si_transactor is either unconnected or has no load
WARNING: [Synth 8-7129] Port S_AXI_WID[11] in module axi_crossbar_v2_1_34_crossbar is either unconnected or has no load
WARNING: [Synth 8-7129] Port S_AXI_WID[10] in module axi_crossbar_v2_1_34_crossbar is either unconnected or has no load
WARNING: [Synth 8-7129] Port S_AXI_WID[9] in module axi_crossbar_v2_1_34_crossbar is either unconnected or has no load
WARNING: [Synth 8-7129] Port S_AXI_WID[8] in module axi_crossbar_v2_1_34_crossbar is either unconnected or has no load
WARNING: [Synth 8-7129] Port S_AXI_WID[7] in module axi_crossbar_v2_1_34_crossbar is either unconnected or has no load
WARNING: [Synth 8-7129] Port S_AXI_WID[6] in module axi_crossbar_v2_1_34_crossbar is either unconnected or has no load
WARNING: [Synth 8-7129] Port S_AXI_WID[5] in module axi_crossbar_v2_1_34_crossbar is either unconnected or has no load
WARNING: [Synth 8-7129] Port S_AXI_WID[4] in module axi_crossbar_v2_1_34_crossbar is either unconnected or has no load
WARNING: [Synth 8-7129] Port S_AXI_WID[3] in module axi_crossbar_v2_1_34_crossbar is either unconnected or has no load
WARNING: [Synth 8-7129] Port S_AXI_WID[2] in module axi_crossbar_v2_1_34_crossbar is either unconnected or has no load
WARNING: [Synth 8-7129] Port S_AXI_WID[1] in module axi_crossbar_v2_1_34_crossbar is either unconnected or has no load
WARNING: [Synth 8-7129] Port S_AXI_WID[0] in module axi_crossbar_v2_1_34_crossbar is either unconnected or has no load
WARNING: [Synth 8-7129] Port s_axi_awuser[0] in module axi_crossbar_v2_1_34_axi_crossbar is either unconnected or has no load
WARNING: [Synth 8-7129] Port s_axi_wid[11] in module axi_crossbar_v2_1_34_axi_crossbar is either unconnected or has no load
WARNING: [Synth 8-7129] Port s_axi_wid[10] in module axi_crossbar_v2_1_34_axi_crossbar is either unconnected or has no load
WARNING: [Synth 8-7129] Port s_axi_wid[9] in module axi_crossbar_v2_1_34_axi_crossbar is either unconnected or has no load
WARNING: [Synth 8-7129] Port s_axi_wid[8] in module axi_crossbar_v2_1_34_axi_crossbar is either unconnected or has no load
WARNING: [Synth 8-7129] Port s_axi_wid[7] in module axi_crossbar_v2_1_34_axi_crossbar is either unconnected or has no load
WARNING: [Synth 8-7129] Port s_axi_wid[6] in module axi_crossbar_v2_1_34_axi_crossbar is either unconnected or has no load
WARNING: [Synth 8-7129] Port s_axi_wid[5] in module axi_crossbar_v2_1_34_axi_crossbar is either unconnected or has no load
WARNING: [Synth 8-7129] Port s_axi_wid[4] in module axi_crossbar_v2_1_34_axi_crossbar is either unconnected or has no load
WARNING: [Synth 8-7129] Port s_axi_wid[3] in module axi_crossbar_v2_1_34_axi_crossbar is either unconnected or has no load
WARNING: [Synth 8-7129] Port s_axi_wid[2] in module axi_crossbar_v2_1_34_axi_crossbar is either unconnected or has no load
WARNING: [Synth 8-7129] Port s_axi_wid[1] in module axi_crossbar_v2_1_34_axi_crossbar is either unconnected or has no load
WARNING: [Synth 8-7129] Port s_axi_wid[0] in module axi_crossbar_v2_1_34_axi_crossbar is either unconnected or has no load
WARNING: [Synth 8-7129] Port s_axi_wuser[0] in module axi_crossbar_v2_1_34_axi_crossbar is either unconnected or has no load
WARNING: [Synth 8-7129] Port s_axi_aruser[0] in module axi_crossbar_v2_1_34_axi_crossbar is either unconnected or has no load
WARNING: [Synth 8-7129] Port m_axi_buser[1] in module axi_crossbar_v2_1_34_axi_crossbar is either unconnected or has no load
WARNING: [Synth 8-7129] Port m_axi_buser[0] in module axi_crossbar_v2_1_34_axi_crossbar is either unconnected or has no load
WARNING: [Synth 8-7129] Port m_axi_ruser[1] in module axi_crossbar_v2_1_34_axi_crossbar is either unconnected or has no load
WARNING: [Synth 8-7129] Port m_axi_ruser[0] in module axi_crossbar_v2_1_34_axi_crossbar is either unconnected or has no load
---------------------------------------------------------------------------------
Finished RTL Elaboration : Time (s): cpu = 00:00:14 ; elapsed = 00:00:27 . Memory (MB): peak = 1351.684 ; gain = 729.465
---------------------------------------------------------------------------------
---------------------------------------------------------------------------------
Start Handling Custom Attributes
---------------------------------------------------------------------------------
---------------------------------------------------------------------------------
Finished Handling Custom Attributes : Time (s): cpu = 00:00:14 ; elapsed = 00:00:28 . Memory (MB): peak = 1351.684 ; gain = 729.465
---------------------------------------------------------------------------------
---------------------------------------------------------------------------------
Finished RTL Optimization Phase 1 : Time (s): cpu = 00:00:14 ; elapsed = 00:00:28 . Memory (MB): peak = 1351.684 ; gain = 729.465
---------------------------------------------------------------------------------
Netlist sorting complete. Time (s): cpu = 00:00:00 ; elapsed = 00:00:00.197 . Memory (MB): peak = 1351.684 ; gain = 0.000
INFO: [Project 1-570] Preparing netlist for logic optimization

Processing XDC Constraints
Initializing timing engine
Parsing XDC File [c:/Users/Asus/Desktop/TKLL_2024/MIPS_single_cycle/new_prj/new_prj.gen/sources_1/bd/zynq_example/ip/zynq_example_axi_interconnect_0_imp_xbar_0/zynq_example_axi_interconnect_0_imp_xbar_0_ooc.xdc] for cell 'inst'
Finished Parsing XDC File [c:/Users/Asus/Desktop/TKLL_2024/MIPS_single_cycle/new_prj/new_prj.gen/sources_1/bd/zynq_example/ip/zynq_example_axi_interconnect_0_imp_xbar_0/zynq_example_axi_interconnect_0_imp_xbar_0_ooc.xdc] for cell 'inst'
Parsing XDC File [C:/Users/Asus/Desktop/TKLL_2024/MIPS_single_cycle/new_prj/new_prj.runs/zynq_example_axi_interconnect_0_imp_xbar_0_synth_1/dont_touch.xdc]
Finished Parsing XDC File [C:/Users/Asus/Desktop/TKLL_2024/MIPS_single_cycle/new_prj/new_prj.runs/zynq_example_axi_interconnect_0_imp_xbar_0_synth_1/dont_touch.xdc]
Completed Processing XDC Constraints

Netlist sorting complete. Time (s): cpu = 00:00:00 ; elapsed = 00:00:00.004 . Memory (MB): peak = 1433.215 ; gain = 0.000
INFO: [Project 1-111] Unisim Transformation Summary:
No Unisim elements were transformed.

Constraint Validation Runtime : Time (s): cpu = 00:00:00 ; elapsed = 00:00:00.158 . Memory (MB): peak = 1433.324 ; gain = 0.109
INFO: [Designutils 20-5008] Incremental synthesis strategy off
---------------------------------------------------------------------------------
Finished Constraint Validation : Time (s): cpu = 00:00:22 ; elapsed = 00:00:42 . Memory (MB): peak = 1433.324 ; gain = 811.105
---------------------------------------------------------------------------------
---------------------------------------------------------------------------------
Start Loading Part and Timing Information
---------------------------------------------------------------------------------
Loading part: xc7z020clg484-1
---------------------------------------------------------------------------------
Finished Loading Part and Timing Information : Time (s): cpu = 00:00:22 ; elapsed = 00:00:42 . Memory (MB): peak = 1433.324 ; gain = 811.105
---------------------------------------------------------------------------------
---------------------------------------------------------------------------------
Start Applying 'set_property' XDC Constraints
---------------------------------------------------------------------------------
Applied set_property KEEP_HIERARCHY = SOFT for inst. (constraint file  C:/Users/Asus/Desktop/TKLL_2024/MIPS_single_cycle/new_prj/new_prj.runs/zynq_example_axi_interconnect_0_imp_xbar_0_synth_1/dont_touch.xdc, line 9).
---------------------------------------------------------------------------------
Finished applying 'set_property' XDC Constraints : Time (s): cpu = 00:00:22 ; elapsed = 00:00:42 . Memory (MB): peak = 1433.324 ; gain = 811.105
---------------------------------------------------------------------------------
INFO: [Synth 8-802] inferred FSM for state register 'state_reg' in module 'axi_data_fifo_v2_1_32_axic_reg_srl_fifo'
INFO: [Synth 8-802] inferred FSM for state register 'gen_axi.write_cs_reg' in module 'axi_crossbar_v2_1_34_decerr_slave'
---------------------------------------------------------------------------------------------------
                   State |                     New Encoding |                Previous Encoding 
---------------------------------------------------------------------------------------------------
                    ZERO |                              100 |                               10
                     ONE |                              010 |                               11
                     TWO |                              001 |                               01
---------------------------------------------------------------------------------------------------
INFO: [Synth 8-3354] encoded FSM with state register 'state_reg' using encoding 'one-hot' in module 'axi_data_fifo_v2_1_32_axic_reg_srl_fifo'
---------------------------------------------------------------------------------------------------
                   State |                     New Encoding |                Previous Encoding 
---------------------------------------------------------------------------------------------------
            P_WRITE_IDLE |                              001 |                               00
            P_WRITE_DATA |                              010 |                               01
            P_WRITE_RESP |                              100 |                               10
---------------------------------------------------------------------------------------------------
INFO: [Synth 8-3354] encoded FSM with state register 'gen_axi.write_cs_reg' using encoding 'one-hot' in module 'axi_crossbar_v2_1_34_decerr_slave'
---------------------------------------------------------------------------------
Finished RTL Optimization Phase 2 : Time (s): cpu = 00:00:22 ; elapsed = 00:00:44 . Memory (MB): peak = 1433.324 ; gain = 811.105
---------------------------------------------------------------------------------
---------------------------------------------------------------------------------
Start RTL Component Statistics 
---------------------------------------------------------------------------------
Detailed RTL Component Info : 
+---Adders : 
	   2 Input    8 Bit       Adders := 3     
	   2 Input    4 Bit       Adders := 38    
	   2 Input    3 Bit       Adders := 4     
	   2 Input    2 Bit       Adders := 1     
	   2 Input    1 Bit       Adders := 2     
+---XORs : 
	   2 Input      1 Bit         XORs := 20    
+---Registers : 
	               75 Bit    Registers := 2     
	               47 Bit    Registers := 6     
	               14 Bit    Registers := 3     
	               12 Bit    Registers := 18    
	                8 Bit    Registers := 3     
	                4 Bit    Registers := 18    
	                3 Bit    Registers := 9     
	                2 Bit    Registers := 10    
	                1 Bit    Registers := 47    
+---Muxes : 
	   2 Input   64 Bit        Muxes := 16    
	   2 Input   47 Bit        Muxes := 6     
	   2 Input   24 Bit        Muxes := 6     
	   2 Input    8 Bit        Muxes := 1     
	   3 Input    4 Bit        Muxes := 16    
	   2 Input    4 Bit        Muxes := 4     
	   2 Input    3 Bit        Muxes := 6     
	   3 Input    3 Bit        Muxes := 1     
	   2 Input    2 Bit        Muxes := 48    
	   2 Input    1 Bit        Muxes := 54    
	   3 Input    1 Bit        Muxes := 11    
---------------------------------------------------------------------------------
Finished RTL Component Statistics 
---------------------------------------------------------------------------------
---------------------------------------------------------------------------------
Start Part Resource Summary
---------------------------------------------------------------------------------
Part Resources:
DSPs: 220 (col length:60)
BRAMs: 280 (col length: RAMB18 60 RAMB36 30)
---------------------------------------------------------------------------------
Finished Part Resource Summary
---------------------------------------------------------------------------------
---------------------------------------------------------------------------------
Start Cross Boundary and Area Optimization
---------------------------------------------------------------------------------
WARNING: [Synth 8-7080] Parallel synthesis criteria is not met
WARNING: [Synth 8-7129] Port aclk2x in module axi_register_slice_v2_1_33_axi_register_slice is either unconnected or has no load
WARNING: [Synth 8-7129] Port s_axi_awuser[0] in module axi_register_slice_v2_1_33_axi_register_slice is either unconnected or has no load
WARNING: [Synth 8-7129] Port s_axi_wid[11] in module axi_register_slice_v2_1_33_axi_register_slice is either unconnected or has no load
WARNING: [Synth 8-7129] Port s_axi_wid[10] in module axi_register_slice_v2_1_33_axi_register_slice is either unconnected or has no load
WARNING: [Synth 8-7129] Port s_axi_wid[9] in module axi_register_slice_v2_1_33_axi_register_slice is either unconnected or has no load
WARNING: [Synth 8-7129] Port s_axi_wid[8] in module axi_register_slice_v2_1_33_axi_register_slice is either unconnected or has no load
WARNING: [Synth 8-7129] Port s_axi_wid[7] in module axi_register_slice_v2_1_33_axi_register_slice is either unconnected or has no load
WARNING: [Synth 8-7129] Port s_axi_wid[6] in module axi_register_slice_v2_1_33_axi_register_slice is either unconnected or has no load
WARNING: [Synth 8-7129] Port s_axi_wid[5] in module axi_register_slice_v2_1_33_axi_register_slice is either unconnected or has no load
WARNING: [Synth 8-7129] Port s_axi_wid[4] in module axi_register_slice_v2_1_33_axi_register_slice is either unconnected or has no load
WARNING: [Synth 8-7129] Port s_axi_wid[3] in module axi_register_slice_v2_1_33_axi_register_slice is either unconnected or has no load
WARNING: [Synth 8-7129] Port s_axi_wid[2] in module axi_register_slice_v2_1_33_axi_register_slice is either unconnected or has no load
WARNING: [Synth 8-7129] Port s_axi_wid[1] in module axi_register_slice_v2_1_33_axi_register_slice is either unconnected or has no load
WARNING: [Synth 8-7129] Port s_axi_wid[0] in module axi_register_slice_v2_1_33_axi_register_slice is either unconnected or has no load
WARNING: [Synth 8-7129] Port s_axi_wuser[0] in module axi_register_slice_v2_1_33_axi_register_slice is either unconnected or has no load
WARNING: [Synth 8-7129] Port s_axi_aruser[0] in module axi_register_slice_v2_1_33_axi_register_slice is either unconnected or has no load
WARNING: [Synth 8-7129] Port m_axi_buser[0] in module axi_register_slice_v2_1_33_axi_register_slice is either unconnected or has no load
WARNING: [Synth 8-7129] Port m_axi_ruser[0] in module axi_register_slice_v2_1_33_axi_register_slice is either unconnected or has no load
WARNING: [Synth 8-7129] Port S_ABURST[1] in module axi_crossbar_v2_1_34_si_transactor__parameterized0 is either unconnected or has no load
WARNING: [Synth 8-7129] Port S_ABURST[0] in module axi_crossbar_v2_1_34_si_transactor__parameterized0 is either unconnected or has no load
WARNING: [Synth 8-7129] Port S_ABURST[1] in module axi_crossbar_v2_1_34_si_transactor is either unconnected or has no load
WARNING: [Synth 8-7129] Port S_ABURST[0] in module axi_crossbar_v2_1_34_si_transactor is either unconnected or has no load
WARNING: [Synth 8-7129] Port S_AXI_WID[11] in module axi_crossbar_v2_1_34_crossbar is either unconnected or has no load
WARNING: [Synth 8-7129] Port S_AXI_WID[10] in module axi_crossbar_v2_1_34_crossbar is either unconnected or has no load
WARNING: [Synth 8-7129] Port S_AXI_WID[9] in module axi_crossbar_v2_1_34_crossbar is either unconnected or has no load
WARNING: [Synth 8-7129] Port S_AXI_WID[8] in module axi_crossbar_v2_1_34_crossbar is either unconnected or has no load
WARNING: [Synth 8-7129] Port S_AXI_WID[7] in module axi_crossbar_v2_1_34_crossbar is either unconnected or has no load
WARNING: [Synth 8-7129] Port S_AXI_WID[6] in module axi_crossbar_v2_1_34_crossbar is either unconnected or has no load
WARNING: [Synth 8-7129] Port S_AXI_WID[5] in module axi_crossbar_v2_1_34_crossbar is either unconnected or has no load
WARNING: [Synth 8-7129] Port S_AXI_WID[4] in module axi_crossbar_v2_1_34_crossbar is either unconnected or has no load
WARNING: [Synth 8-7129] Port S_AXI_WID[3] in module axi_crossbar_v2_1_34_crossbar is either unconnected or has no load
WARNING: [Synth 8-7129] Port S_AXI_WID[2] in module axi_crossbar_v2_1_34_crossbar is either unconnected or has no load
WARNING: [Synth 8-7129] Port S_AXI_WID[1] in module axi_crossbar_v2_1_34_crossbar is either unconnected or has no load
WARNING: [Synth 8-7129] Port S_AXI_WID[0] in module axi_crossbar_v2_1_34_crossbar is either unconnected or has no load
WARNING: [Synth 8-7129] Port s_axi_awuser[0] in module axi_crossbar_v2_1_34_axi_crossbar is either unconnected or has no load
WARNING: [Synth 8-7129] Port s_axi_wid[11] in module axi_crossbar_v2_1_34_axi_crossbar is either unconnected or has no load
WARNING: [Synth 8-7129] Port s_axi_wid[10] in module axi_crossbar_v2_1_34_axi_crossbar is either unconnected or has no load
INFO: [Common 17-14] Message 'Synth 8-7129' appears 100 times and further instances of the messages will be disabled. Use the Tcl command set_msg_config to change the current settings.
---------------------------------------------------------------------------------
Finished Cross Boundary and Area Optimization : Time (s): cpu = 00:00:27 ; elapsed = 00:00:53 . Memory (MB): peak = 1433.324 ; gain = 811.105
---------------------------------------------------------------------------------
---------------------------------------------------------------------------------
Start Applying XDC Timing Constraints
---------------------------------------------------------------------------------
---------------------------------------------------------------------------------
Finished Applying XDC Timing Constraints : Time (s): cpu = 00:00:29 ; elapsed = 00:01:01 . Memory (MB): peak = 1433.324 ; gain = 811.105
---------------------------------------------------------------------------------
---------------------------------------------------------------------------------
Start Timing Optimization
---------------------------------------------------------------------------------
---------------------------------------------------------------------------------
Finished Timing Optimization : Time (s): cpu = 00:00:30 ; elapsed = 00:01:05 . Memory (MB): peak = 1509.473 ; gain = 887.254
---------------------------------------------------------------------------------
---------------------------------------------------------------------------------
Start Technology Mapping
---------------------------------------------------------------------------------
---------------------------------------------------------------------------------
Finished Technology Mapping : Time (s): cpu = 00:00:30 ; elapsed = 00:01:05 . Memory (MB): peak = 1527.566 ; gain = 905.348
---------------------------------------------------------------------------------
---------------------------------------------------------------------------------
Start IO Insertion
---------------------------------------------------------------------------------
---------------------------------------------------------------------------------
Start Flattening Before IO Insertion
---------------------------------------------------------------------------------
---------------------------------------------------------------------------------
Finished Flattening Before IO Insertion
---------------------------------------------------------------------------------
---------------------------------------------------------------------------------
Start Final Netlist Cleanup
---------------------------------------------------------------------------------
---------------------------------------------------------------------------------
Finished Final Netlist Cleanup
---------------------------------------------------------------------------------
---------------------------------------------------------------------------------
Finished IO Insertion : Time (s): cpu = 00:00:31 ; elapsed = 00:01:09 . Memory (MB): peak = 1674.742 ; gain = 1052.523
---------------------------------------------------------------------------------
---------------------------------------------------------------------------------
Start Renaming Generated Instances
---------------------------------------------------------------------------------
---------------------------------------------------------------------------------
Finished Renaming Generated Instances : Time (s): cpu = 00:00:31 ; elapsed = 00:01:09 . Memory (MB): peak = 1674.742 ; gain = 1052.523
---------------------------------------------------------------------------------
---------------------------------------------------------------------------------
Start Rebuilding User Hierarchy
---------------------------------------------------------------------------------
---------------------------------------------------------------------------------
Finished Rebuilding User Hierarchy : Time (s): cpu = 00:00:31 ; elapsed = 00:01:09 . Memory (MB): peak = 1674.742 ; gain = 1052.523
---------------------------------------------------------------------------------
---------------------------------------------------------------------------------
Start Renaming Generated Ports
---------------------------------------------------------------------------------
---------------------------------------------------------------------------------
Finished Renaming Generated Ports : Time (s): cpu = 00:00:31 ; elapsed = 00:01:09 . Memory (MB): peak = 1674.742 ; gain = 1052.523
---------------------------------------------------------------------------------
---------------------------------------------------------------------------------
Start Handling Custom Attributes
---------------------------------------------------------------------------------
---------------------------------------------------------------------------------
Finished Handling Custom Attributes : Time (s): cpu = 00:00:31 ; elapsed = 00:01:09 . Memory (MB): peak = 1674.742 ; gain = 1052.523
---------------------------------------------------------------------------------
---------------------------------------------------------------------------------
Start Renaming Generated Nets
---------------------------------------------------------------------------------
---------------------------------------------------------------------------------
Finished Renaming Generated Nets : Time (s): cpu = 00:00:31 ; elapsed = 00:01:09 . Memory (MB): peak = 1674.742 ; gain = 1052.523
---------------------------------------------------------------------------------
---------------------------------------------------------------------------------
Start Writing Synthesis Report
---------------------------------------------------------------------------------

Report BlackBoxes: 
+-+--------------+----------+
| |BlackBox name |Instances |
+-+--------------+----------+
+-+--------------+----------+

Report Cell Usage: 
+------+--------+------+
|      |Cell    |Count |
+------+--------+------+
|1     |CARRY4  |    32|
|2     |LUT1    |    40|
|3     |LUT2    |    12|
|4     |LUT3    |   153|
|5     |LUT4    |    93|
|6     |LUT5    |    95|
|7     |LUT6    |   303|
|8     |SRLC32E |     2|
|9     |FDRE    |   787|
|10    |FDSE    |    12|
+------+--------+------+
---------------------------------------------------------------------------------
Finished Writing Synthesis Report : Time (s): cpu = 00:00:31 ; elapsed = 00:01:09 . Memory (MB): peak = 1674.742 ; gain = 1052.523
---------------------------------------------------------------------------------
Synthesis finished with 0 errors, 0 critical warnings and 54 warnings.
Synthesis Optimization Runtime : Time (s): cpu = 00:00:14 ; elapsed = 00:01:05 . Memory (MB): peak = 1674.742 ; gain = 970.883
Synthesis Optimization Complete : Time (s): cpu = 00:00:31 ; elapsed = 00:01:10 . Memory (MB): peak = 1674.742 ; gain = 1052.523
INFO: [Project 1-571] Translating synthesized netlist
Netlist sorting complete. Time (s): cpu = 00:00:00 ; elapsed = 00:00:00.042 . Memory (MB): peak = 1674.742 ; gain = 0.000
INFO: [Netlist 29-17] Analyzing 32 Unisim elements for replacement
INFO: [Netlist 29-28] Unisim Transformation completed in 0 CPU seconds
INFO: [Project 1-570] Preparing netlist for logic optimization
INFO: [Opt 31-138] Pushed 0 inverter(s) to 0 load pin(s).
Netlist sorting complete. Time (s): cpu = 00:00:00 ; elapsed = 00:00:00 . Memory (MB): peak = 1678.844 ; gain = 0.000
INFO: [Project 1-111] Unisim Transformation Summary:
No Unisim elements were transformed.

Synth Design complete | Checksum: 991199ee
INFO: [Common 17-83] Releasing license: Synthesis
89 Infos, 134 Warnings, 0 Critical Warnings and 0 Errors encountered.
synth_design completed successfully
INFO: [Common 17-600] The following parameters have non-default value.
tcl.statsThreshold
Write ShapeDB Complete: Time (s): cpu = 00:00:00 ; elapsed = 00:00:00.006 . Memory (MB): peak = 1678.844 ; gain = 0.000
INFO: [Common 17-1381] The checkpoint 'C:/Users/Asus/Desktop/TKLL_2024/MIPS_single_cycle/new_prj/new_prj.runs/zynq_example_axi_interconnect_0_imp_xbar_0_synth_1/zynq_example_axi_interconnect_0_imp_xbar_0.dcp' has been generated.
INFO: [Coretcl 2-1648] Added synthesis output to IP cache for IP zynq_example_axi_interconnect_0_imp_xbar_0, cache-ID = 285c761ecb5c87e5
INFO: [Coretcl 2-1174] Renamed 24 cell refs.
Write ShapeDB Complete: Time (s): cpu = 00:00:00 ; elapsed = 00:00:00.007 . Memory (MB): peak = 1678.844 ; gain = 0.000
INFO: [Common 17-1381] The checkpoint 'C:/Users/Asus/Desktop/TKLL_2024/MIPS_single_cycle/new_prj/new_prj.runs/zynq_example_axi_interconnect_0_imp_xbar_0_synth_1/zynq_example_axi_interconnect_0_imp_xbar_0.dcp' has been generated.
INFO: [Vivado 12-24828] Executing command : report_utilization -file zynq_example_axi_interconnect_0_imp_xbar_0_utilization_synth.rpt -pb zynq_example_axi_interconnect_0_imp_xbar_0_utilization_synth.pb
INFO: [Common 17-206] Exiting Vivado at Tue Dec 31 23:34:48 2024...
