INFO: [VRFC 10-2263] Analyzing Verilog file "C:/Users/Admin/Documents/MIPS_single_cycle/temp_MIPS.sim/sim_1/synth/timing/xsim/testbench_time_synth.v" into library xil_defaultlib
INFO: [VRFC 10-311] analyzing module RAM32M_UNIQ_BASE_
INFO: [VRFC 10-311] analyzing module RAM32M_HD200
INFO: [VRFC 10-311] analyzing module RAM32M_HD201
INFO: [VRFC 10-311] analyzing module RAM32M_HD202
INFO: [VRFC 10-311] analyzing module RAM32M_HD203
INFO: [VRFC 10-311] analyzing module RAM32M_HD204
INFO: [VRFC 10-311] analyzing module RAM32M_HD205
INFO: [VRFC 10-311] analyzing module RAM32M_HD206
INFO: [VRFC 10-311] analyzing module RAM32M_HD207
INFO: [VRFC 10-311] analyzing module RAM32M_HD208
INFO: [VRFC 10-311] analyzing module RAM32M_HD209
INFO: [VRFC 10-311] analyzing module RAM32M_HD210
INFO: [VRFC 10-311] analyzing module RAM64X1S_UNIQ_BASE_
INFO: [VRFC 10-311] analyzing module RAM64X1S_HD169
INFO: [VRFC 10-311] analyzing module RAM64X1S_HD170
INFO: [VRFC 10-311] analyzing module RAM64X1S_HD171
INFO: [VRFC 10-311] analyzing module RAM64X1S_HD172
INFO: [VRFC 10-311] analyzing module RAM64X1S_HD173
INFO: [VRFC 10-311] analyzing module RAM64X1S_HD174
INFO: [VRFC 10-311] analyzing module RAM64X1S_HD175
INFO: [VRFC 10-311] analyzing module RAM64X1S_HD176
INFO: [VRFC 10-311] analyzing module RAM64X1S_HD177
INFO: [VRFC 10-311] analyzing module RAM64X1S_HD178
INFO: [VRFC 10-311] analyzing module RAM64X1S_HD179
INFO: [VRFC 10-311] analyzing module RAM64X1S_HD180
INFO: [VRFC 10-311] analyzing module RAM64X1S_HD181
INFO: [VRFC 10-311] analyzing module RAM64X1S_HD182
INFO: [VRFC 10-311] analyzing module RAM64X1S_HD183
INFO: [VRFC 10-311] analyzing module RAM64X1S_HD184
INFO: [VRFC 10-311] analyzing module RAM64X1S_HD185
INFO: [VRFC 10-311] analyzing module RAM64X1S_HD186
INFO: [VRFC 10-311] analyzing module RAM64X1S_HD187
INFO: [VRFC 10-311] analyzing module RAM64X1S_HD188
INFO: [VRFC 10-311] analyzing module RAM64X1S_HD189
INFO: [VRFC 10-311] analyzing module RAM64X1S_HD190
INFO: [VRFC 10-311] analyzing module RAM64X1S_HD191
INFO: [VRFC 10-311] analyzing module RAM64X1S_HD192
INFO: [VRFC 10-311] analyzing module RAM64X1S_HD193
INFO: [VRFC 10-311] analyzing module RAM64X1S_HD194
INFO: [VRFC 10-311] analyzing module RAM64X1S_HD195
INFO: [VRFC 10-311] analyzing module RAM64X1S_HD196
INFO: [VRFC 10-311] analyzing module RAM64X1S_HD197
INFO: [VRFC 10-311] analyzing module RAM64X1S_HD198
INFO: [VRFC 10-311] analyzing module RAM64X1S_HD199
INFO: [VRFC 10-311] analyzing module ALU
INFO: [VRFC 10-311] analyzing module MIPS
INFO: [VRFC 10-311] analyzing module PC
INFO: [VRFC 10-311] analyzing module data_memory
INFO: [VRFC 10-311] analyzing module registers
INFO: [VRFC 10-311] analyzing module glbl
INFO: [VRFC 10-2263] Analyzing Verilog file "C:/Users/Admin/Documents/MIPS_single_cycle/temp_MIPS.srcs/sim_1/new/MIPS_temp_tb.v" into library xil_defaultlib
INFO: [VRFC 10-311] analyzing module testbench
INFO: [VRFC 10-2263] Analyzing Verilog file "C:/Users/Admin/Documents/MIPS_single_cycle/temp_MIPS.srcs/sim_1/new/pc_inst_tb.v" into library xil_defaultlib
INFO: [VRFC 10-311] analyzing module pc_inst_tb
